[  0%] Built target geometry_msgs_generate_messages_py
[  0%] Built target roscpp_generate_messages_cpp
[  0%] Built target roscpp_generate_messages_eus
[  0%] Built target roscpp_generate_messages_lisp
[  0%] Built target roscpp_generate_messages_py
[  0%] Built target rosgraph_msgs_generate_messages_cpp
[  0%] Built target rosgraph_msgs_generate_messages_eus
[  0%] Built target roscpp_generate_messages_nodejs
[  0%] Built target std_msgs_generate_messages_eus
[  0%] Built target rosgraph_msgs_generate_messages_lisp
[  0%] Built target rosgraph_msgs_generate_messages_nodejs
[  0%] Built target std_msgs_generate_messages_lisp
[  0%] Built target std_msgs_generate_messages_cpp
[  0%] Built target std_msgs_generate_messages_nodejs
[  0%] Built target std_msgs_generate_messages_py
[  0%] Built target rosgraph_msgs_generate_messages_py
[  0%] Built target dvs_msgs_generate_messages_cpp
[  0%] Built target dvs_msgs_generate_messages_eus
[  0%] Built target dvs_msgs_generate_messages_lisp
[  0%] Built target dvs_msgs_generate_messages_nodejs
[  0%] Built target dvs_msgs_generate_messages_py
[  0%] Built target sensor_msgs_generate_messages_lisp
[  0%] Built target sensor_msgs_generate_messages_nodejs
[  0%] Built target sensor_msgs_generate_messages_cpp
[  0%] Built target sensor_msgs_generate_messages_py
[  0%] Built target geometry_msgs_generate_messages_eus
[  0%] Built target geometry_msgs_generate_messages_nodejs
[  0%] Built target geometry_msgs_generate_messages_lisp
[  0%] Built target geometry_msgs_generate_messages_cpp
[  0%] Built target sensor_msgs_generate_messages_eus
[ 20%] [32mBuilding CXX object CMakeFiles/Panorama.dir/src/panorama.cpp.o[0m
[ 40%] [32mBuilding CXX object CMakeFiles/Panorama.dir/src/node.cpp.o[0m
[ 60%] [32mBuilding CXX object CMakeFiles/Panorama.dir/src/frontend/ang_vel_estimator.cpp.o[0m
[ 80%] [32mBuilding CXX object CMakeFiles/Panorama.dir/src/backend/pose_graph_optimizer.cpp.o[0m
[01m[Kcc1plus:[m[K [01;35m[Kwarning: [m[K/usr/local/cuda/lib64/libOpenCL.so: not a directory
[01m[Kcc1plus:[m[K [01;35m[Kwarning: [m[K/usr/local/cuda/lib64/libOpenCL.so: not a directory
[01m[Kcc1plus:[m[K [01;35m[Kwarning: [m[K/usr/local/cuda/lib64/libOpenCL.so: not a directory
[01m[Kcc1plus:[m[K [01;35m[Kwarning: [m[K/usr/local/cuda/lib64/libOpenCL.so: not a directory
In file included from [01m[K/home/dai/workspace/Dataset_Toolbox/src/panorama/include/backend/pose_graph_optimizer.h:2[m[K,
                 from [01m[K/home/dai/workspace/Dataset_Toolbox/src/panorama/src/frontend/ang_vel_estimator.cpp:3[m[K:
[01m[K/home/dai/workspace/Dataset_Toolbox/src/panorama/include/frontend/ang_vel_estimator.h:40:36:[m[K [01;31m[Kerror: [m[K‘[01m[Ksll[m[K’ does not name a type; did you mean ‘[01m[Kffsll[m[K’?
   40 |     void setInitialTimestamp(const [01;31m[Ksll[m[K& t0) { t0_p_ = t0; }
      |                                    [01;31m[K^~~[m[K
      |                                    [32m[Kffsll[m[K
In file included from [01m[K/home/dai/workspace/Dataset_Toolbox/src/panorama/src/frontend/ang_vel_estimator.cpp:3[m[K:
[01m[K/home/dai/workspace/Dataset_Toolbox/src/panorama/include/backend/pose_graph_optimizer.h:41:36:[m[K [01;31m[Kerror: [m[K‘[01m[Ksll[m[K’ does not name a type; did you mean ‘[01m[Kffsll[m[K’?
   41 |     void setInitialTimestamp(const [01;31m[Ksll[m[K& t0) { t0_p_ = t0; }
      |                                    [01;31m[K^~~[m[K
      |                                    [32m[Kffsll[m[K
In file included from [01m[K/home/dai/workspace/Dataset_Toolbox/src/panorama/include/backend/pose_graph_optimizer.h:2[m[K,
                 from [01m[K/home/dai/workspace/Dataset_Toolbox/src/panorama/src/backend/pose_graph_optimizer.cpp:2[m[K:
[01m[K/home/dai/workspace/Dataset_Toolbox/src/panorama/include/frontend/ang_vel_estimator.h:40:36:[m[K [01;31m[Kerror: [m[K‘[01m[Ksll[m[K’ does not name a type; did you mean ‘[01m[Kffsll[m[K’?
   40 |     void setInitialTimestamp(const [01;31m[Ksll[m[K& t0) { t0_p_ = t0; }
      |                                    [01;31m[K^~~[m[K
      |                                    [32m[Kffsll[m[K
In file included from [01m[K/home/dai/workspace/Dataset_Toolbox/src/panorama/src/backend/pose_graph_optimizer.cpp:2[m[K:
[01m[K/home/dai/workspace/Dataset_Toolbox/src/panorama/include/backend/pose_graph_optimizer.h:41:36:[m[K [01;31m[Kerror: [m[K‘[01m[Ksll[m[K’ does not name a type; did you mean ‘[01m[Kffsll[m[K’?
   41 |     void setInitialTimestamp(const [01;31m[Ksll[m[K& t0) { t0_p_ = t0; }
      |                                    [01;31m[K^~~[m[K
      |                                    [32m[Kffsll[m[K
In file included from [01m[K/home/dai/workspace/Dataset_Toolbox/src/panorama/include/frontend/ang_vel_estimator.h:3[m[K,
                 from [01m[K/home/dai/workspace/Dataset_Toolbox/src/panorama/include/panorama.h:10[m[K,
                 from [01m[K/home/dai/workspace/Dataset_Toolbox/src/panorama/src/panorama.cpp:1[m[K:
[01m[K/home/dai/workspace/Dataset_Toolbox/src/panorama/include/backend/pose_graph_optimizer.h:41:36:[m[K [01;31m[Kerror: [m[K‘[01m[Ksll[m[K’ does not name a type; did you mean ‘[01m[Kffsll[m[K’?
   41 |     void setInitialTimestamp(const [01;31m[Ksll[m[K& t0) { t0_p_ = t0; }
      |                                    [01;31m[K^~~[m[K
      |                                    [32m[Kffsll[m[K
In file included from [01m[K/home/dai/workspace/Dataset_Toolbox/src/panorama/include/panorama.h:10[m[K,
                 from [01m[K/home/dai/workspace/Dataset_Toolbox/src/panorama/src/panorama.cpp:1[m[K:
[01m[K/home/dai/workspace/Dataset_Toolbox/src/panorama/include/frontend/ang_vel_estimator.h:40:36:[m[K [01;31m[Kerror: [m[K‘[01m[Ksll[m[K’ does not name a type; did you mean ‘[01m[Kffsll[m[K’?
   40 |     void setInitialTimestamp(const [01;31m[Ksll[m[K& t0) { t0_p_ = t0; }
      |                                    [01;31m[K^~~[m[K
      |                                    [32m[Kffsll[m[K
[01m[K/home/dai/workspace/Dataset_Toolbox/src/panorama/src/frontend/ang_vel_estimator.cpp:[m[K In member function ‘[01m[Kpanorama::ProcessedEventData panorama::AngVelEstimator::processEvent(const Event&)[m[K’:
[01m[K/home/dai/workspace/Dataset_Toolbox/src/panorama/src/frontend/ang_vel_estimator.cpp:109:5:[m[K [01;31m[Kerror: [m[Kdesignator order for field ‘[01m[Kpanorama::ProcessedEventData::timestamp[m[K’ does not match declaration order in ‘[01m[Kpanorama::ProcessedEventData[m[K’
  109 |     [01;31m[K}[m[K;
      |     [01;31m[K^[m[K
In file included from [01m[K/home/dai/workspace/Dataset_Toolbox/src/panorama/include/frontend/ang_vel_estimator.h:3[m[K,
                 from [01m[K/home/dai/workspace/Dataset_Toolbox/src/panorama/include/panorama.h:10[m[K,
                 from [01m[K/home/dai/workspace/Dataset_Toolbox/src/panorama/src/node.cpp:5[m[K:
[01m[K/home/dai/workspace/Dataset_Toolbox/src/panorama/include/backend/pose_graph_optimizer.h:41:36:[m[K [01;31m[Kerror: [m[K‘[01m[Ksll[m[K’ does not name a type; did you mean ‘[01m[Kffsll[m[K’?
   41 |     void setInitialTimestamp(const [01;31m[Ksll[m[K& t0) { t0_p_ = t0; }
      |                                    [01;31m[K^~~[m[K
      |                                    [32m[Kffsll[m[K
In file included from [01m[K/home/dai/workspace/Dataset_Toolbox/src/panorama/include/panorama.h:10[m[K,
                 from [01m[K/home/dai/workspace/Dataset_Toolbox/src/panorama/src/node.cpp:5[m[K:
[01m[K/home/dai/workspace/Dataset_Toolbox/src/panorama/include/frontend/ang_vel_estimator.h:40:36:[m[K [01;31m[Kerror: [m[K‘[01m[Ksll[m[K’ does not name a type; did you mean ‘[01m[Kffsll[m[K’?
   40 |     void setInitialTimestamp(const [01;31m[Ksll[m[K& t0) { t0_p_ = t0; }
      |                                    [01;31m[K^~~[m[K
      |                                    [32m[Kffsll[m[K
make[2]: *** [CMakeFiles/Panorama.dir/build.make:118: CMakeFiles/Panorama.dir/src/backend/pose_graph_optimizer.cpp.o] Error 1
make[2]: *** Waiting for unfinished jobs....
make[2]: *** [CMakeFiles/Panorama.dir/build.make:90: CMakeFiles/Panorama.dir/src/node.cpp.o] Error 1
make[2]: *** [CMakeFiles/Panorama.dir/build.make:104: CMakeFiles/Panorama.dir/src/frontend/ang_vel_estimator.cpp.o] Error 1
make[2]: *** [CMakeFiles/Panorama.dir/build.make:76: CMakeFiles/Panorama.dir/src/panorama.cpp.o] Error 1
make[1]: *** [CMakeFiles/Makefile2:1107: CMakeFiles/Panorama.dir/all] Error 2
make: *** [Makefile:146: all] Error 2
