[01m[Kcc1plus:[m[K [01;35m[Kwarning: [m[K/usr/local/cuda/lib64/libOpenCL.so: not a directory
[01m[Kcc1plus:[m[K [01;35m[Kwarning: [m[K/usr/local/cuda/lib64/libOpenCL.so: not a directory
[01m[K/home/dai/workspace/Dataset_Toolbox/src/panorama/src/backend/pose_graph_optimizer.cpp:[m[K In member function ‘[01m[Kvoid panorama::PoseGraphOptimizer::WarpPano(const panorama::ProcessedEventData&)[m[K’:
[01m[K/home/dai/workspace/Dataset_Toolbox/src/panorama/src/backend/pose_graph_optimizer.cpp:65:71:[m[K [01;31m[Kerror: [m[K‘[01m[Kt0_p[m[K’ was not declared in this scope
   65 |             show_count_pano(count_pano, max_val, ros::Time().fromNSec([01;31m[Kt0_p[m[K));
      |                                                                       [01;31m[K^~~~[m[K
[01m[K/home/dai/workspace/Dataset_Toolbox/src/panorama/src/backend/pose_graph_optimizer.cpp:68:30:[m[K [01;31m[Kerror: [m[K‘[01m[Kclass ros::Time[m[K’ has no member named ‘[01m[Kts[m[K’
   68 |             t0_p = timestamp.[01;31m[Kts[m[K.toNSec();
      |                              [01;31m[K^~[m[K
[01m[K/home/dai/workspace/Dataset_Toolbox/src/panorama/src/backend/pose_graph_optimizer.cpp:[m[K In member function ‘[01m[Kvoid panorama::PoseGraphOptimizer::show_count_pano(cv::Mat&, double&, ros::Time)[m[K’:
[01m[K/home/dai/workspace/Dataset_Toolbox/src/panorama/src/backend/pose_graph_optimizer.cpp:93:5:[m[K [01;31m[Kerror: [m[K‘[01m[Kpano_pub[m[K’ was not declared in this scope
   93 |     [01;31m[Kpano_pub[m[K.publish(msg);
      |     [01;31m[K^~~~~~~~[m[K
[01m[K/home/dai/workspace/Dataset_Toolbox/src/panorama/src/frontend/ang_vel_estimator.cpp:[m[K In member function ‘[01m[Kpanorama::ProcessedEventData panorama::AngVelEstimator::processEvent(const Event&)[m[K’:
[01m[K/home/dai/workspace/Dataset_Toolbox/src/panorama/src/frontend/ang_vel_estimator.cpp:82:44:[m[K [01;31m[Kerror: [m[K‘[01m[Kt0_p[m[K’ was not declared in this scope
   82 |     float t_diff = double(ev.ts.toNSec() - [01;31m[Kt0_p[m[K) / 1000000000.0;
      |                                            [01;31m[K^~~~[m[K
[01m[K/home/dai/workspace/Dataset_Toolbox/src/panorama/src/frontend/ang_vel_estimator.cpp:109:5:[m[K [01;31m[Kerror: [m[Kdesignator order for field ‘[01m[Kpanorama::ProcessedEventData::timestamp[m[K’ does not match declaration order in ‘[01m[Kpanorama::ProcessedEventData[m[K’
  109 |     [01;31m[K}[m[K;
      |     [01;31m[K^[m[K
make[2]: *** [CMakeFiles/Panorama.dir/build.make:118: CMakeFiles/Panorama.dir/src/backend/pose_graph_optimizer.cpp.o] Error 1
make[2]: *** Waiting for unfinished jobs....
make[2]: *** [CMakeFiles/Panorama.dir/build.make:104: CMakeFiles/Panorama.dir/src/frontend/ang_vel_estimator.cpp.o] Error 1
make[1]: *** [CMakeFiles/Makefile2:1107: CMakeFiles/Panorama.dir/all] Error 2
make: *** [Makefile:146: all] Error 2
