[01m[Kcc1plus:[m[K [01;35m[Kwarning: [m[K/usr/local/cuda/lib64/libOpenCL.so: not a directory
[01m[K/home/dai/workspace/Dataset_Toolbox/src/panorama/src/panorama.cpp:[m[K In constructor ‘[01m[Kpanorama::Panorama::Panorama(ros::NodeHandle&)[m[K’:
[01m[K/home/dai/workspace/Dataset_Toolbox/src/panorama/src/panorama.cpp:25:59:[m[K [01;31m[Kerror: [m[Kcannot convert ‘[01m[Kstd::_MakeUniq<panorama::AngVelEstimator>::__single_object[m[K’ {aka ‘[01m[Kstd::unique_ptr<panorama::AngVelEstimator, std::default_delete<panorama::AngVelEstimator> >[m[K’} to ‘[01m[Kpanorama::AngVelEstimator*[m[K’ in assignment
   25 |     ang_vel_estimator_ = [01;31m[Kstd::make_unique<AngVelEstimator>()[m[K;
      |                          [01;31m[K~~~~~~~~~~~~~~~~~~~~~~~~~~~~~~~~~^~[m[K
      |                                                           [01;31m[K|[m[K
      |                                                           [01;31m[Kstd::_MakeUniq<panorama::AngVelEstimator>::__single_object {aka std::unique_ptr<panorama::AngVelEstimator, std::default_delete<panorama::AngVelEstimator> >}[m[K
[01m[K/home/dai/workspace/Dataset_Toolbox/src/panorama/src/panorama.cpp:26:65:[m[K [01;31m[Kerror: [m[Kcannot convert ‘[01m[Kstd::_MakeUniq<panorama::PoseGraphOptimizer>::__single_object[m[K’ {aka ‘[01m[Kstd::unique_ptr<panorama::PoseGraphOptimizer, std::default_delete<panorama::PoseGraphOptimizer> >[m[K’} to ‘[01m[Kpanorama::PoseGraphOptimizer*[m[K’ in assignment
   26 |     pose_graph_optimizer_ = [01;31m[Kstd::make_unique<PoseGraphOptimizer>()[m[K;
      |                             [01;31m[K~~~~~~~~~~~~~~~~~~~~~~~~~~~~~~~~~~~~^~[m[K
      |                                                                 [01;31m[K|[m[K
      |                                                                 [01;31m[Kstd::_MakeUniq<panorama::PoseGraphOptimizer>::__single_object {aka std::unique_ptr<panorama::PoseGraphOptimizer, std::default_delete<panorama::PoseGraphOptimizer> >}[m[K
[01m[K/home/dai/workspace/Dataset_Toolbox/src/panorama/src/panorama.cpp:[m[K In member function ‘[01m[Kvoid panorama::Panorama::cameraInfoCallback(const ConstPtr&)[m[K’:
[01m[K/home/dai/workspace/Dataset_Toolbox/src/panorama/src/panorama.cpp:63:40:[m[K [01;31m[Kerror: [m[Kcannot convert ‘[01m[Kimage_geometry::PinholeCameraModel*[m[K’ to ‘[01m[Kconst Size&[m[K’ {aka ‘[01m[Kconst cv::Size_<int>&[m[K’}
   63 |         ang_vel_estimator_->initialize([01;31m[K&cam[m[K, front_end_params_, precomputed_bearing_vectors);
      |                                        [01;31m[K^~~~[m[K
      |                                        [01;31m[K|[m[K
      |                                        [01;31m[Kimage_geometry::PinholeCameraModel*[m[K
In file included from [01m[K/home/dai/workspace/Dataset_Toolbox/src/panorama/include/panorama.h:8[m[K,
                 from [01m[K/home/dai/workspace/Dataset_Toolbox/src/panorama/src/panorama.cpp:1[m[K:
[01m[K/home/dai/workspace/Dataset_Toolbox/src/panorama/include/frontend/ang_vel_estimator.h:19:37:[m[K [01;36m[Knote: [m[K  initializing argument 1 of ‘[01m[Kvoid panorama::AngVelEstimator::initialize(const Size&, const panorama::FrontEndParams&, const std::vector<cv::Point3_<double> >*)[m[K’
   19 |     void initialize([01;36m[Kconst cv::Size& sensor_size[m[K,
      |                     [01;36m[K~~~~~~~~~~~~~~~~^~~~~~~~~~~[m[K
[01m[K/home/dai/workspace/Dataset_Toolbox/src/panorama/src/panorama.cpp:70:65:[m[K [01;31m[Kerror: [m[K‘[01m[Kstd::deque<dvs_msgs::Event_<std::allocator<void> > > panorama::AngVelEstimator::events_[m[K’ is private within this context
   70 |                                           &(ang_vel_estimator_->[01;31m[Kevents_[m[K),
      |                                                                 [01;31m[K^~~~~~~[m[K
In file included from [01m[K/home/dai/workspace/Dataset_Toolbox/src/panorama/include/panorama.h:8[m[K,
                 from [01m[K/home/dai/workspace/Dataset_Toolbox/src/panorama/src/panorama.cpp:1[m[K:
[01m[K/home/dai/workspace/Dataset_Toolbox/src/panorama/include/frontend/ang_vel_estimator.h:34:33:[m[K [01;36m[Knote: [m[Kdeclared private here
   34 |     std::deque<dvs_msgs::Event> [01;36m[Kevents_[m[K;
      |                                 [01;36m[K^~~~~~~[m[K
[01m[K/home/dai/workspace/Dataset_Toolbox/src/panorama/src/panorama.cpp:69:43:[m[K [01;31m[Kerror: [m[Kcannot convert ‘[01m[Kpanorama::PoseGraphParams[m[K’ to ‘[01m[Kconst panorama::BackEndParams&[m[K’
   69 |                                           [01;31m[Kback_end_params_[m[K,
      |                                           [01;31m[K^~~~~~~~~~~~~~~~[m[K
      |                                           [01;31m[K|[m[K
      |                                           [01;31m[Kpanorama::PoseGraphParams[m[K
In file included from [01m[K/home/dai/workspace/Dataset_Toolbox/src/panorama/include/panorama.h:9[m[K,
                 from [01m[K/home/dai/workspace/Dataset_Toolbox/src/panorama/src/panorama.cpp:1[m[K:
[01m[K/home/dai/workspace/Dataset_Toolbox/src/panorama/include/backend/pose_graph_optimizer.h:18:41:[m[K [01;36m[Knote: [m[K  initializing argument 3 of ‘[01m[Kvoid panorama::PoseGraphOptimizer::initialize(int, int, const panorama::BackEndParams&, const std::deque<dvs_msgs::Event_<std::allocator<void> > >*, const std::vector<cv::Point3_<double> >*)[m[K’
   18 |                    [01;36m[Kconst BackEndParams& params[m[K,
      |                    [01;36m[K~~~~~~~~~~~~~~~~~~~~~^~~~~~[m[K
make[2]: *** [CMakeFiles/Panorama.dir/build.make:76: CMakeFiles/Panorama.dir/src/panorama.cpp.o] Error 1
make[1]: *** [CMakeFiles/Makefile2:1107: CMakeFiles/Panorama.dir/all] Error 2
make: *** [Makefile:146: all] Error 2
