[01m[Kcc1plus:[m[K [01;35m[Kwarning: [m[K/usr/local/cuda/lib64/libOpenCL.so: not a directory
[01m[Kcc1plus:[m[K [01;35m[Kwarning: [m[K/usr/local/cuda/lib64/libOpenCL.so: not a directory
[01m[K/home/dai/workspace/Dataset_Toolbox/src/panorama/src/frontend/ang_vel_estimator.cpp:3:10:[m[K [01;31m[Kfatal error: [m[Kutils/image_geom_util.h: No such file or directory
    3 | #include [01;31m[K"utils/image_geom_util.h"[m[K
      |          [01;31m[K^~~~~~~~~~~~~~~~~~~~~~~~~[m[K
compilation terminated.
make[2]: *** [CMakeFiles/Panorama.dir/build.make:104: CMakeFiles/Panorama.dir/src/frontend/ang_vel_estimator.cpp.o] Error 1
make[2]: *** Waiting for unfinished jobs....
[01m[K/home/dai/workspace/Dataset_Toolbox/src/panorama/src/backend/pose_graph_optimizer.cpp:[m[K In constructor ‘[01m[Kpanorama::PoseGraphOptimizer::PoseGraphOptimizer(ros::NodeHandle*)[m[K’:
[01m[K/home/dai/workspace/Dataset_Toolbox/src/panorama/src/backend/pose_graph_optimizer.cpp:7:71:[m[K [01;31m[Kerror: [m[Kclass ‘[01m[Kpanorama::PoseGraphOptimizer[m[K’ does not have any field named ‘[01m[Kit_[m[K’
    7 | PoseGraphOptimizer::PoseGraphOptimizer(ros::NodeHandle* nh): nh_(nh), [01;31m[Kit_[m[K(*nh)
      |                                                                       [01;31m[K^~~[m[K
[01m[K/home/dai/workspace/Dataset_Toolbox/src/panorama/src/backend/pose_graph_optimizer.cpp:9:5:[m[K [01;31m[Kerror: [m[K‘[01m[Kimage_pub_[m[K’ was not declared in this scope
    9 |     [01;31m[Kimage_pub_[m[K = it_.advertise("pano_map", 1);
      |     [01;31m[K^~~~~~~~~~[m[K
[01m[K/home/dai/workspace/Dataset_Toolbox/src/panorama/src/backend/pose_graph_optimizer.cpp:9:18:[m[K [01;31m[Kerror: [m[K‘[01m[Kit_[m[K’ was not declared in this scope
    9 |     image_pub_ = [01;31m[Kit_[m[K.advertise("pano_map", 1);
      |                  [01;31m[K^~~[m[K
[01m[K/home/dai/workspace/Dataset_Toolbox/src/panorama/src/backend/pose_graph_optimizer.cpp:[m[K In destructor ‘[01m[Kpanorama::PoseGraphOptimizer::~PoseGraphOptimizer()[m[K’:
[01m[K/home/dai/workspace/Dataset_Toolbox/src/panorama/src/backend/pose_graph_optimizer.cpp:14:12:[m[K [01;31m[Kerror: [m[K‘[01m[Ktraj_[m[K’ was not declared in this scope
   14 |     delete [01;31m[Ktraj_[m[K;
      |            [01;31m[K^~~~~[m[K
[01m[K/home/dai/workspace/Dataset_Toolbox/src/panorama/src/backend/pose_graph_optimizer.cpp:15:12:[m[K [01;31m[Kerror: [m[K‘[01m[Kevent_warper_[m[K’ was not declared in this scope
   15 |     delete [01;31m[Kevent_warper_[m[K;
      |            [01;31m[K^~~~~~~~~~~~~[m[K
[01m[K/home/dai/workspace/Dataset_Toolbox/src/panorama/src/backend/pose_graph_optimizer.cpp:16:5:[m[K [01;31m[Kerror: [m[K‘[01m[Kimage_pub_[m[K’ was not declared in this scope
   16 |     [01;31m[Kimage_pub_[m[K.shutdown();
      |     [01;31m[K^~~~~~~~~~[m[K
[01m[K/home/dai/workspace/Dataset_Toolbox/src/panorama/src/backend/pose_graph_optimizer.cpp:[m[K In member function ‘[01m[Kvoid panorama::PoseGraphOptimizer::initialize(int, int, const panorama::PoseGraphParams&, std::vector<dvs_msgs::Event_<std::allocator<void> > >*, std::vector<cv::Point3_<double> >*)[m[K’:
[01m[K/home/dai/workspace/Dataset_Toolbox/src/panorama/src/backend/pose_graph_optimizer.cpp:25:5:[m[K [01;31m[Kerror: [m[K‘[01m[Kparams[m[K’ was not declared in this scope; did you mean ‘[01m[Kpanorama[m[K’?
   25 |     [01;31m[Kparams[m[K = opt;
      |     [01;31m[K^~~~~~[m[K
      |     [32m[Kpanorama[m[K
[01m[K/home/dai/workspace/Dataset_Toolbox/src/panorama/src/backend/pose_graph_optimizer.cpp:28:5:[m[K [01;31m[Kerror: [m[K‘[01m[Kevent_warper_[m[K’ was not declared in this scope
   28 |     [01;31m[Kevent_warper_[m[K = new EventWarper(opt.warp_opt, opt.map_opt);
      |     [01;31m[K^~~~~~~~~~~~~[m[K
[01m[K/home/dai/workspace/Dataset_Toolbox/src/panorama/src/backend/pose_graph_optimizer.cpp:28:25:[m[K [01;31m[Kerror: [m[Kexpected type-specifier before ‘[01m[KEventWarper[m[K’
   28 |     event_warper_ = new [01;31m[KEventWarper[m[K(opt.warp_opt, opt.map_opt);
      |                         [01;31m[K^~~~~~~~~~~[m[K
[01m[K/home/dai/workspace/Dataset_Toolbox/src/panorama/src/backend/pose_graph_optimizer.cpp:33:5:[m[K [01;31m[Kerror: [m[K‘[01m[Kwin_size_[m[K’ was not declared in this scope
   33 |     [01;31m[Kwin_size_[m[K = ros::Duration(params.sliding_window_opt.time_window_size);
      |     [01;31m[K^~~~~~~~~[m[K
[01m[K/home/dai/workspace/Dataset_Toolbox/src/panorama/src/backend/pose_graph_optimizer.cpp:34:5:[m[K [01;31m[Kerror: [m[K‘[01m[Kwin_stride_[m[K’ was not declared in this scope
   34 |     [01;31m[Kwin_stride_[m[K = ros::Duration(params.sliding_window_opt.sliding_window_stride);
      |     [01;31m[K^~~~~~~~~~~[m[K
[01m[K/home/dai/workspace/Dataset_Toolbox/src/panorama/src/backend/pose_graph_optimizer.cpp:35:5:[m[K [01;31m[Kerror: [m[K‘[01m[Ktime_window_initialized_[m[K’ was not declared in this scope
   35 |     [01;31m[Ktime_window_initialized_[m[K = false;
      |     [01;31m[K^~~~~~~~~~~~~~~~~~~~~~~~[m[K
[01m[K/home/dai/workspace/Dataset_Toolbox/src/panorama/src/backend/pose_graph_optimizer.cpp:36:5:[m[K [01;31m[Kerror: [m[K‘[01m[Kfirst_time_window_[m[K’ was not declared in this scope
   36 |     [01;31m[Kfirst_time_window_[m[K = true;
      |     [01;31m[K^~~~~~~~~~~~~~~~~~[m[K
[01m[K/home/dai/workspace/Dataset_Toolbox/src/panorama/src/backend/pose_graph_optimizer.cpp:39:5:[m[K [01;31m[Kerror: [m[K‘[01m[Kcount_window_[m[K’ was not declared in this scope
   39 |     [01;31m[Kcount_window_[m[K = 0;
      |     [01;31m[K^~~~~~~~~~~~~[m[K
[01m[K/home/dai/workspace/Dataset_Toolbox/src/panorama/src/backend/pose_graph_optimizer.cpp:42:5:[m[K [01;31m[Kerror: [m[K‘[01m[Kcp_stride_[m[K’ was not declared in this scope
   42 |     [01;31m[Kcp_stride_[m[K = std::round(params.sliding_window_opt.sliding_window_stride/params.traj_opt.dt_knots);
      |     [01;31m[K^~~~~~~~~~[m[K
[01m[K/home/dai/workspace/Dataset_Toolbox/src/panorama/src/backend/pose_graph_optimizer.cpp:43:5:[m[K [01;31m[Kerror: [m[K‘[01m[KVLOG[m[K’ was not declared in this scope
   43 |     [01;31m[KVLOG[m[K(4) << "[PoseGraphOptimizer::initialize] cp_stride_ = " << cp_stride_;
      |     [01;31m[K^~~~[m[K
[01m[K/home/dai/workspace/Dataset_Toolbox/src/panorama/src/backend/pose_graph_optimizer.cpp:46:5:[m[K [01;31m[Kerror: [m[K‘[01m[Kevents_ptr_[m[K’ was not declared in this scope
   46 |     [01;31m[Kevents_ptr_[m[K = ptr;
      |     [01;31m[K^~~~~~~~~~~[m[K
[01m[K/home/dai/workspace/Dataset_Toolbox/src/panorama/src/backend/pose_graph_optimizer.cpp:49:5:[m[K [01;31m[Kerror: [m[K‘[01m[Kmin_num_ev_per_win_[m[K’ was not declared in this scope
   49 |     [01;31m[Kmin_num_ev_per_win_[m[K = params.sliding_window_opt.time_window_size
      |     [01;31m[K^~~~~~~~~~~~~~~~~~~[m[K
make[2]: *** [CMakeFiles/Panorama.dir/build.make:118: CMakeFiles/Panorama.dir/src/backend/pose_graph_optimizer.cpp.o] Error 1
make[1]: *** [CMakeFiles/Makefile2:1107: CMakeFiles/Panorama.dir/all] Error 2
make: *** [Makefile:146: all] Error 2
