[01m[Kcc1plus:[m[K [01;35m[Kwarning: [m[K/usr/local/cuda/lib64/libOpenCL.so: not a directory
[01m[Kcc1plus:[m[K [01;35m[Kwarning: [m[K/usr/local/cuda/lib64/libOpenCL.so: not a directory
[01m[Kcc1plus:[m[K [01;35m[Kwarning: [m[K/usr/local/cuda/lib64/libOpenCL.so: not a directory
[01m[Kcc1plus:[m[K [01;35m[Kwarning: [m[K/usr/local/cuda/lib64/libOpenCL.so: not a directory
In file included from [01m[K/home/dai/workspace/Dataset_Toolbox/src/panorama/include/frontend/ang_vel_estimator.h:4[m[K,
                 from [01m[K/home/dai/workspace/Dataset_Toolbox/src/panorama/include/backend/pose_graph_optimizer.h:2[m[K,
                 from [01m[K/home/dai/workspace/Dataset_Toolbox/src/panorama/src/backend/pose_graph_optimizer.cpp:2[m[K:
[01m[K/home/dai/workspace/Dataset_Toolbox/src/panorama/include/utils/parameters.h:36:10:[m[K [01;31m[Kerror: [m[K‘[01m[Kvector[m[K’ in namespace ‘[01m[Kstd[m[K’ does not name a template type
   36 |     std::[01;31m[Kvector[m[K<double> R_matrix;
      |          [01;31m[K^~~~~~[m[K
[01m[K/home/dai/workspace/Dataset_Toolbox/src/panorama/include/utils/parameters.h:4:1:[m[K [01;36m[Knote: [m[K‘[01m[Kstd::vector[m[K’ is defined in header ‘[01m[K<vector>[m[K’; did you forget to ‘[01m[K#include <vector>[m[K’?
    3 | #include <string>
  +++ |+[32m[K#include <vector>[m[K
    4 | 
In file included from [01m[K/home/dai/workspace/Dataset_Toolbox/src/panorama/include/frontend/ang_vel_estimator.h:4[m[K,
                 from [01m[K/home/dai/workspace/Dataset_Toolbox/src/panorama/include/backend/pose_graph_optimizer.h:2[m[K,
                 from [01m[K/home/dai/workspace/Dataset_Toolbox/src/panorama/src/frontend/ang_vel_estimator.cpp:1[m[K:
[01m[K/home/dai/workspace/Dataset_Toolbox/src/panorama/include/utils/parameters.h:36:10:[m[K [01;31m[Kerror: [m[K‘[01m[Kvector[m[K’ in namespace ‘[01m[Kstd[m[K’ does not name a template type
   36 |     std::[01;31m[Kvector[m[K<double> R_matrix;
      |          [01;31m[K^~~~~~[m[K
[01m[K/home/dai/workspace/Dataset_Toolbox/src/panorama/include/utils/parameters.h:4:1:[m[K [01;36m[Knote: [m[K‘[01m[Kstd::vector[m[K’ is defined in header ‘[01m[K<vector>[m[K’; did you forget to ‘[01m[K#include <vector>[m[K’?
    3 | #include <string>
  +++ |+[32m[K#include <vector>[m[K
    4 | 
In file included from [01m[K/home/dai/workspace/Dataset_Toolbox/src/panorama/include/backend/pose_graph_optimizer.h:2[m[K,
                 from [01m[K/home/dai/workspace/Dataset_Toolbox/src/panorama/src/backend/pose_graph_optimizer.cpp:2[m[K:
[01m[K/home/dai/workspace/Dataset_Toolbox/src/panorama/include/frontend/ang_vel_estimator.h:41:48:[m[K [01;31m[Kerror: [m[Kexpected ‘[01m[K;[m[K’ at end of member declaration
   41 |     void processEvent(const dvs_msgs::Event& ev[01;31m[K)[m[K
      |                                                [01;31m[K^[m[K
      |                                                 [32m[K;[m[K
In file included from [01m[K/home/dai/workspace/Dataset_Toolbox/src/panorama/include/backend/pose_graph_optimizer.h:2[m[K,
                 from [01m[K/home/dai/workspace/Dataset_Toolbox/src/panorama/src/frontend/ang_vel_estimator.cpp:1[m[K:
[01m[K/home/dai/workspace/Dataset_Toolbox/src/panorama/include/frontend/ang_vel_estimator.h:41:48:[m[K [01;31m[Kerror: [m[Kexpected ‘[01m[K;[m[K’ at end of member declaration
   41 |     void processEvent(const dvs_msgs::Event& ev[01;31m[K)[m[K
      |                                                [01;31m[K^[m[K
      |                                                 [32m[K;[m[K
In file included from [01m[K/home/dai/workspace/Dataset_Toolbox/src/panorama/include/panorama.h:10[m[K,
                 from [01m[K/home/dai/workspace/Dataset_Toolbox/src/panorama/src/panorama.cpp:1[m[K:
[01m[K/home/dai/workspace/Dataset_Toolbox/src/panorama/include/frontend/ang_vel_estimator.h:41:48:[m[K [01;31m[Kerror: [m[Kexpected ‘[01m[K;[m[K’ at end of member declaration
   41 |     void processEvent(const dvs_msgs::Event& ev[01;31m[K)[m[K
      |                                                [01;31m[K^[m[K
      |                                                 [32m[K;[m[K
In file included from [01m[K/home/dai/workspace/Dataset_Toolbox/src/panorama/include/panorama.h:10[m[K,
                 from [01m[K/home/dai/workspace/Dataset_Toolbox/src/panorama/src/node.cpp:5[m[K:
[01m[K/home/dai/workspace/Dataset_Toolbox/src/panorama/include/frontend/ang_vel_estimator.h:41:48:[m[K [01;31m[Kerror: [m[Kexpected ‘[01m[K;[m[K’ at end of member declaration
   41 |     void processEvent(const dvs_msgs::Event& ev[01;31m[K)[m[K
      |                                                [01;31m[K^[m[K
      |                                                 [32m[K;[m[K
[01m[K/home/dai/workspace/Dataset_Toolbox/src/panorama/src/frontend/ang_vel_estimator.cpp:[m[K In member function ‘[01m[Kvoid panorama::AngVelEstimator::processEvent(const Event&)[m[K’:
[01m[K/home/dai/workspace/Dataset_Toolbox/src/panorama/src/frontend/ang_vel_estimator.cpp:74:58:[m[K [01;31m[Kerror: [m[Kbase operand of ‘[01m[K->[m[K’ has non-pointer type ‘[01m[Kstd::vector<cv::Point3_<double> >[m[K’
   74 |     const cv::Point3d bvec = precomputed_bearing_vectors_[01;31m[K->[m[Kat(ev->y*sensor_width_ + ev->x);
      |                                                          [01;31m[K^~[m[K
[01m[K/home/dai/workspace/Dataset_Toolbox/src/panorama/src/frontend/ang_vel_estimator.cpp:74:65:[m[K [01;31m[Kerror: [m[Kbase operand of ‘[01m[K->[m[K’ has non-pointer type ‘[01m[Kconst Event[m[K’ {aka ‘[01m[Kconst dvs_msgs::Event_<std::allocator<void> >[m[K’}
   74 |     const cv::Point3d bvec = precomputed_bearing_vectors_->at(ev[01;31m[K->[m[Ky*sensor_width_ + ev->x);
      |                                                                 [01;31m[K^~[m[K
[01m[K/home/dai/workspace/Dataset_Toolbox/src/panorama/src/frontend/ang_vel_estimator.cpp:74:69:[m[K [01;31m[Kerror: [m[K‘[01m[Ksensor_width_[m[K’ was not declared in this scope
   74 |     const cv::Point3d bvec = precomputed_bearing_vectors_->at(ev->y*[01;31m[Ksensor_width_[m[K + ev->x);
      |                                                                     [01;31m[K^~~~~~~~~~~~~[m[K
[01m[K/home/dai/workspace/Dataset_Toolbox/src/panorama/src/frontend/ang_vel_estimator.cpp:74:87:[m[K [01;31m[Kerror: [m[Kbase operand of ‘[01m[K->[m[K’ has non-pointer type ‘[01m[Kconst Event[m[K’ {aka ‘[01m[Kconst dvs_msgs::Event_<std::allocator<void> >[m[K’}
   74 |     const cv::Point3d bvec = precomputed_bearing_vectors_->at(ev->y*sensor_width_ + ev[01;31m[K->[m[Kx);
      |                                                                                       [01;31m[K^~[m[K
[01m[K/home/dai/workspace/Dataset_Toolbox/src/panorama/src/panorama.cpp:[m[K In constructor ‘[01m[Kpanorama::Panorama::Panorama(ros::NodeHandle&)[m[K’:
[01m[K/home/dai/workspace/Dataset_Toolbox/src/panorama/src/panorama.cpp:30:97:[m[K [01;31m[Kerror: [m[Kno matching function for call to ‘[01m[KgetParam(const char [9], <brace-enclosed initializer list>)[m[K’
   30 |     front_end_params_.image_opt.R_matrix = pnh_.getParam("R_matrix",{1, 0, 0, 0, 1, 0, 0, 0, 1} [01;31m[K)[m[K;
      |                                                                                                 [01;31m[K^[m[K
In file included from [01m[K/opt/ros/noetic/include/ros/ros.h:45[m[K,
                 from [01m[K/home/dai/workspace/Dataset_Toolbox/src/panorama/include/panorama.h:2[m[K,
                 from [01m[K/home/dai/workspace/Dataset_Toolbox/src/panorama/src/panorama.cpp:1[m[K:
[01m[K/opt/ros/noetic/include/ros/node_handle.h:1670:8:[m[K [01;36m[Knote: [m[Kcandidate: ‘[01m[Kbool ros::NodeHandle::getParam(const string&, std::string&) const[m[K’ <near match>
 1670 |   bool [01;36m[KgetParam[m[K(const std::string& key, std::string& s) const;
      |        [01;36m[K^~~~~~~~[m[K
[01m[K/opt/ros/noetic/include/ros/node_handle.h:1670:8:[m[K [01;36m[Knote: [m[K  conversion of argument 2 would be ill-formed:
[01m[K/home/dai/workspace/Dataset_Toolbox/src/panorama/src/panorama.cpp:30:97:[m[K [01;31m[Kerror: [m[Kcannot bind non-const lvalue reference of type ‘[01m[Kstd::string&[m[K’ {aka ‘[01m[Kstd::__cxx11::basic_string<char>&[m[K’} to an rvalue of type ‘[01m[Kstd::string[m[K’ {aka ‘[01m[Kstd::__cxx11::basic_string<char>[m[K’}
   30 |     front_end_params_.image_opt.R_matrix = pnh_.getParam("R_matrix",{1, 0, 0, 0, 1, 0, 0, 0, 1} [01;31m[K)[m[K;
      |                                                                                                 [01;31m[K^[m[K
In file included from [01m[K/usr/include/c++/9/string:55[m[K,
                 from [01m[K/opt/ros/noetic/include/ros/platform.h:38[m[K,
                 from [01m[K/opt/ros/noetic/include/ros/time.h:53[m[K,
                 from [01m[K/opt/ros/noetic/include/ros/ros.h:38[m[K,
                 from [01m[K/home/dai/workspace/Dataset_Toolbox/src/panorama/include/panorama.h:2[m[K,
                 from [01m[K/home/dai/workspace/Dataset_Toolbox/src/panorama/src/panorama.cpp:1[m[K:
[01m[K/usr/include/c++/9/bits/basic_string.h:583:7:[m[K [01;36m[Knote: [m[K  after user-defined conversion: ‘[01m[Kstd::__cxx11::basic_string<_CharT, _Traits, _Alloc>::basic_string(std::initializer_list<_Tp>, const _Alloc&) [with _CharT = char; _Traits = std::char_traits<char>; _Alloc = std::allocator<char>][m[K’
  583 |       [01;36m[Kbasic_string[m[K(initializer_list<_CharT> __l, const _Alloc& __a = _Alloc())
      |       [01;36m[K^~~~~~~~~~~~[m[K
In file included from [01m[K/opt/ros/noetic/include/ros/ros.h:45[m[K,
                 from [01m[K/home/dai/workspace/Dataset_Toolbox/src/panorama/include/panorama.h:2[m[K,
                 from [01m[K/home/dai/workspace/Dataset_Toolbox/src/panorama/src/panorama.cpp:1[m[K:
[01m[K/opt/ros/noetic/include/ros/node_handle.h:1748:8:[m[K [01;36m[Knote: [m[Kcandidate: ‘[01m[Kbool ros::NodeHandle::getParam(const string&, std::vector<double>&) const[m[K’ <near match>
 1748 |   bool [01;36m[KgetParam[m[K(const std::string& key, std::vector<double>& vec) const;
      |        [01;36m[K^~~~~~~~[m[K
[01m[K/opt/ros/noetic/include/ros/node_handle.h:1748:8:[m[K [01;36m[Knote: [m[K  conversion of argument 2 would be ill-formed:
[01m[K/home/dai/workspace/Dataset_Toolbox/src/panorama/src/panorama.cpp:30:97:[m[K [01;31m[Kerror: [m[Kcannot bind non-const lvalue reference of type ‘[01m[Kstd::vector<double>&[m[K’ to an rvalue of type ‘[01m[Kstd::vector<double>[m[K’
   30 |     front_end_params_.image_opt.R_matrix = pnh_.getParam("R_matrix",{1, 0, 0, 0, 1, 0, 0, 0, 1} [01;31m[K)[m[K;
      |                                                                                                 [01;31m[K^[m[K
In file included from [01m[K/usr/include/c++/9/vector:67[m[K,
                 from [01m[K/usr/include/boost/math/special_functions/math_fwd.hpp:26[m[K,
                 from [01m[K/usr/include/boost/math/special_functions/round.hpp:15[m[K,
                 from [01m[K/opt/ros/noetic/include/ros/time.h:58[m[K,
                 from [01m[K/opt/ros/noetic/include/ros/ros.h:38[m[K,
                 from [01m[K/home/dai/workspace/Dataset_Toolbox/src/panorama/include/panorama.h:2[m[K,
                 from [01m[K/home/dai/workspace/Dataset_Toolbox/src/panorama/src/panorama.cpp:1[m[K:
[01m[K/usr/include/c++/9/bits/stl_vector.h:622:7:[m[K [01;36m[Knote: [m[K  after user-defined conversion: ‘[01m[Kstd::vector<_Tp, _Alloc>::vector(std::initializer_list<_Tp>, const allocator_type&) [with _Tp = double; _Alloc = std::allocator<double>; std::vector<_Tp, _Alloc>::allocator_type = std::allocator<double>][m[K’
  622 |       [01;36m[Kvector[m[K(initializer_list<value_type> __l,
      |       [01;36m[K^~~~~~[m[K
In file included from [01m[K/opt/ros/noetic/include/ros/ros.h:45[m[K,
                 from [01m[K/home/dai/workspace/Dataset_Toolbox/src/panorama/include/panorama.h:2[m[K,
                 from [01m[K/home/dai/workspace/Dataset_Toolbox/src/panorama/src/panorama.cpp:1[m[K:
[01m[K/opt/ros/noetic/include/ros/node_handle.h:1770:8:[m[K [01;36m[Knote: [m[Kcandidate: ‘[01m[Kbool ros::NodeHandle::getParam(const string&, std::vector<int>&) const[m[K’ <near match>
 1770 |   bool [01;36m[KgetParam[m[K(const std::string& key, std::vector<int>& vec) const;
      |        [01;36m[K^~~~~~~~[m[K
[01m[K/opt/ros/noetic/include/ros/node_handle.h:1770:8:[m[K [01;36m[Knote: [m[K  conversion of argument 2 would be ill-formed:
[01m[K/home/dai/workspace/Dataset_Toolbox/src/panorama/src/panorama.cpp:30:97:[m[K [01;31m[Kerror: [m[Kcannot bind non-const lvalue reference of type ‘[01m[Kstd::vector<int>&[m[K’ to an rvalue of type ‘[01m[Kstd::vector<int>[m[K’
   30 |     front_end_params_.image_opt.R_matrix = pnh_.getParam("R_matrix",{1, 0, 0, 0, 1, 0, 0, 0, 1} [01;31m[K)[m[K;
      |                                                                                                 [01;31m[K^[m[K
In file included from [01m[K/usr/include/c++/9/vector:67[m[K,
                 from [01m[K/usr/include/boost/math/special_functions/math_fwd.hpp:26[m[K,
                 from [01m[K/usr/include/boost/math/special_functions/round.hpp:15[m[K,
                 from [01m[K/opt/ros/noetic/include/ros/time.h:58[m[K,
                 from [01m[K/opt/ros/noetic/include/ros/ros.h:38[m[K,
                 from [01m[K/home/dai/workspace/Dataset_Toolbox/src/panorama/include/panorama.h:2[m[K,
                 from [01m[K/home/dai/workspace/Dataset_Toolbox/src/panorama/src/panorama.cpp:1[m[K:
[01m[K/usr/include/c++/9/bits/stl_vector.h:622:7:[m[K [01;36m[Knote: [m[K  after user-defined conversion: ‘[01m[Kstd::vector<_Tp, _Alloc>::vector(std::initializer_list<_Tp>, const allocator_type&) [with _Tp = int; _Alloc = std::allocator<int>; std::vector<_Tp, _Alloc>::allocator_type = std::allocator<int>][m[K’
  622 |       [01;36m[Kvector[m[K(initializer_list<value_type> __l,
      |       [01;36m[K^~~~~~[m[K
In file included from [01m[K/opt/ros/noetic/include/ros/ros.h:45[m[K,
                 from [01m[K/home/dai/workspace/Dataset_Toolbox/src/panorama/include/panorama.h:2[m[K,
                 from [01m[K/home/dai/workspace/Dataset_Toolbox/src/panorama/src/panorama.cpp:1[m[K:
[01m[K/opt/ros/noetic/include/ros/node_handle.h:1781:8:[m[K [01;36m[Knote: [m[Kcandidate: ‘[01m[Kbool ros::NodeHandle::getParam(const string&, std::vector<bool>&) const[m[K’ <near match>
 1781 |   bool [01;36m[KgetParam[m[K(const std::string& key, std::vector<bool>& vec) const;
      |        [01;36m[K^~~~~~~~[m[K
[01m[K/opt/ros/noetic/include/ros/node_handle.h:1781:8:[m[K [01;36m[Knote: [m[K  conversion of argument 2 would be ill-formed:
[01m[K/home/dai/workspace/Dataset_Toolbox/src/panorama/src/panorama.cpp:30:97:[m[K [01;31m[Kerror: [m[Kcannot bind non-const lvalue reference of type ‘[01m[Kstd::vector<bool>&[m[K’ to an rvalue of type ‘[01m[Kstd::vector<bool>[m[K’
   30 |     front_end_params_.image_opt.R_matrix = pnh_.getParam("R_matrix",{1, 0, 0, 0, 1, 0, 0, 0, 1} [01;31m[K)[m[K;
      |                                                                                                 [01;31m[K^[m[K
In file included from [01m[K/usr/include/c++/9/vector:68[m[K,
                 from [01m[K/usr/include/boost/math/special_functions/math_fwd.hpp:26[m[K,
                 from [01m[K/usr/include/boost/math/special_functions/round.hpp:15[m[K,
                 from [01m[K/opt/ros/noetic/include/ros/time.h:58[m[K,
                 from [01m[K/opt/ros/noetic/include/ros/ros.h:38[m[K,
                 from [01m[K/home/dai/workspace/Dataset_Toolbox/src/panorama/include/panorama.h:2[m[K,
                 from [01m[K/home/dai/workspace/Dataset_Toolbox/src/panorama/src/panorama.cpp:1[m[K:
[01m[K/usr/include/c++/9/bits/stl_bvector.h:687:7:[m[K [01;36m[Knote: [m[K  after user-defined conversion: ‘[01m[Kstd::vector<bool, _Alloc>::vector(std::initializer_list<bool>, const allocator_type&) [with _Alloc = std::allocator<bool>; std::vector<bool, _Alloc>::allocator_type = std::allocator<bool>][m[K’
  687 |       [01;36m[Kvector[m[K(initializer_list<bool> __l,
      |       [01;36m[K^~~~~~[m[K
[01m[K/home/dai/workspace/Dataset_Toolbox/src/panorama/src/frontend/ang_vel_estimator.cpp:77:5:[m[K [01;31m[Kerror: [m[K‘[01m[KR_eigen[m[K’ was not declared in this scope; did you mean ‘[01m[KR_eigen_[m[K’?
   77 |     [01;31m[KR_eigen[m[K = front_end_params_.image_opt.R_matrix;
      |     [01;31m[K^~~~~~~[m[K
      |     [32m[KR_eigen_[m[K
[01m[K/home/dai/workspace/Dataset_Toolbox/src/panorama/src/frontend/ang_vel_estimator.cpp:77:15:[m[K [01;31m[Kerror: [m[K‘[01m[Kfront_end_params_[m[K’ was not declared in this scope
   77 |     R_eigen = [01;31m[Kfront_end_params_[m[K.image_opt.R_matrix;
      |               [01;31m[K^~~~~~~~~~~~~~~~~[m[K
[01m[K/home/dai/workspace/Dataset_Toolbox/src/panorama/src/panorama.cpp:[m[K In member function ‘[01m[Kvoid panorama::Panorama::eventsCallback(const ConstPtr&)[m[K’:
[01m[K/home/dai/workspace/Dataset_Toolbox/src/panorama/src/panorama.cpp:118:5:[m[K [01;31m[Kerror: [m[K‘[01m[KProcessedEventData[m[K’ was not declared in this scope
  118 |     [01;31m[KProcessedEventData[m[K result = ang_vel_estimator_->processEvent(*ev);
      |     [01;31m[K^~~~~~~~~~~~~~~~~~[m[K
[01m[K/home/dai/workspace/Dataset_Toolbox/src/panorama/src/panorama.cpp:121:28:[m[K [01;31m[Kerror: [m[K‘[01m[Kclass panorama::PoseGraphOptimizer[m[K’ has no member named ‘[01m[KaddProcessedData[m[K’
  121 |     pose_graph_optimizer_->[01;31m[KaddProcessedData[m[K(result);
      |                            [01;31m[K^~~~~~~~~~~~~~~~[m[K
[01m[K/home/dai/workspace/Dataset_Toolbox/src/panorama/src/panorama.cpp:121:45:[m[K [01;31m[Kerror: [m[K‘[01m[Kresult[m[K’ was not declared in this scope
  121 |     pose_graph_optimizer_->addProcessedData([01;31m[Kresult[m[K);
      |                                             [01;31m[K^~~~~~[m[K
[01m[K/home/dai/workspace/Dataset_Toolbox/src/panorama/src/frontend/ang_vel_estimator.cpp:88:17:[m[K [01;31m[Kerror: [m[K‘[01m[Kcenter[m[K’ was not declared in this scope
   88 |     px_mosaic = [01;31m[Kcenter[m[K + Eigen::Vector2d(-phi * panorama_width_ / (2.0 * pi), -theta * panorama_height_ / (pi*57.99/180));
      |                 [01;31m[K^~~~~~[m[K
[01m[K/home/dai/workspace/Dataset_Toolbox/src/panorama/src/frontend/ang_vel_estimator.cpp:88:49:[m[K [01;31m[Kerror: [m[K‘[01m[Kpanorama_width_[m[K’ was not declared in this scope
   88 |     px_mosaic = center + Eigen::Vector2d(-phi * [01;31m[Kpanorama_width_[m[K / (2.0 * pi), -theta * panorama_height_ / (pi*57.99/180));
      |                                                 [01;31m[K^~~~~~~~~~~~~~~[m[K
[01m[K/home/dai/workspace/Dataset_Toolbox/src/panorama/src/frontend/ang_vel_estimator.cpp:88:74:[m[K [01;31m[Kerror: [m[K‘[01m[Kpi[m[K’ was not declared in this scope; did you mean ‘[01m[Kphi[m[K’?
   88 |     px_mosaic = center + Eigen::Vector2d(-phi * panorama_width_ / (2.0 * [01;31m[Kpi[m[K), -theta * panorama_height_ / (pi*57.99/180));
      |                                                                          [01;31m[K^~[m[K
      |                                                                          [32m[Kphi[m[K
[01m[K/home/dai/workspace/Dataset_Toolbox/src/panorama/src/frontend/ang_vel_estimator.cpp:88:88:[m[K [01;31m[Kerror: [m[K‘[01m[Kpanorama_height_[m[K’ was not declared in this scope; did you mean ‘[01m[Kcam_height_[m[K’?
   88 |     px_mosaic = center + Eigen::Vector2d(-phi * panorama_width_ / (2.0 * pi), -theta * [01;31m[Kpanorama_height_[m[K / (pi*57.99/180));
      |                                                                                        [01;31m[K^~~~~~~~~~~~~~~~[m[K
      |                                                                                        [32m[Kcam_height_[m[K
[01m[K/home/dai/workspace/Dataset_Toolbox/src/panorama/src/frontend/ang_vel_estimator.cpp:90:22:[m[K [01;31m[Kerror: [m[Kreturn-statement with a value, in function returning ‘[01m[Kvoid[m[K’ [[01;31m[K-fpermissive[m[K]
   90 |     return {px_mosaic[01;31m[K}[m[K;
      |                      [01;31m[K^[m[K
make[2]: *** [CMakeFiles/Panorama.dir/build.make:118: CMakeFiles/Panorama.dir/src/backend/pose_graph_optimizer.cpp.o] Error 1
make[2]: *** Waiting for unfinished jobs....
make[2]: *** [CMakeFiles/Panorama.dir/build.make:90: CMakeFiles/Panorama.dir/src/node.cpp.o] Error 1
make[2]: *** [CMakeFiles/Panorama.dir/build.make:104: CMakeFiles/Panorama.dir/src/frontend/ang_vel_estimator.cpp.o] Error 1
make[2]: *** [CMakeFiles/Panorama.dir/build.make:76: CMakeFiles/Panorama.dir/src/panorama.cpp.o] Error 1
make[1]: *** [CMakeFiles/Makefile2:1107: CMakeFiles/Panorama.dir/all] Error 2
make: *** [Makefile:146: all] Error 2
