[01m[Kcc1plus:[m[K [01;35m[Kwarning: [m[K/usr/local/cuda/lib64/libOpenCL.so: not a directory
[01m[Kcc1plus:[m[K [01;35m[Kwarning: [m[K/usr/local/cuda/lib64/libOpenCL.so: not a directory
[01m[Kcc1plus:[m[K [01;35m[Kwarning: [m[K/usr/local/cuda/lib64/libOpenCL.so: not a directory
[01m[Kcc1plus:[m[K [01;35m[Kwarning: [m[K/usr/local/cuda/lib64/libOpenCL.so: not a directory
[01m[K/home/dai/workspace/Dataset_Toolbox/src/panorama/src/frontend/ang_vel_estimator.cpp:[m[K In constructor ‘[01m[Kpanorama::AngVelEstimator::AngVelEstimator(ros::NodeHandle*)[m[K’:
[01m[K/home/dai/workspace/Dataset_Toolbox/src/panorama/src/frontend/ang_vel_estimator.cpp:16:65:[m[K [01;31m[Kerror: [m[Kclass ‘[01m[Kpanorama::AngVelEstimator[m[K’ does not have any field named ‘[01m[Kit_[m[K’
   16 | AngVelEstimator::AngVelEstimator(ros::NodeHandle* nh): nh_(nh), [01;31m[Kit_[m[K(*nh)
      |                                                                 [01;31m[K^~~[m[K
[01m[K/home/dai/workspace/Dataset_Toolbox/src/panorama/src/frontend/ang_vel_estimator.cpp:[m[K In member function ‘[01m[Kvoid panorama::AngVelEstimator::initialize(image_geometry::PinholeCameraModel*, const panorama::AngVelEstParams&, const std::vector<cv::Point3_<double> >&)[m[K’:
[01m[K/home/dai/workspace/Dataset_Toolbox/src/panorama/src/frontend/ang_vel_estimator.cpp:38:5:[m[K [01;31m[Kerror: [m[K‘[01m[Kcam_width_[m[K’ was not declared in this scope
   38 |     [01;31m[Kcam_width_[m[K = cam->fullResolution().width;
      |     [01;31m[K^~~~~~~~~~[m[K
[01m[K/home/dai/workspace/Dataset_Toolbox/src/panorama/src/frontend/ang_vel_estimator.cpp:39:5:[m[K [01;31m[Kerror: [m[K‘[01m[Kcam_height_[m[K’ was not declared in this scope
   39 |     [01;31m[Kcam_height_[m[K = cam->fullResolution().height;
      |     [01;31m[K^~~~~~~~~~~[m[K
[01m[K/home/dai/workspace/Dataset_Toolbox/src/panorama/src/frontend/ang_vel_estimator.cpp:40:5:[m[K [01;31m[Kerror: [m[K‘[01m[Kcamera_matrix_[m[K’ was not declared in this scope
   40 |     [01;31m[Kcamera_matrix_[m[K = cam->fullIntrinsicMatrix();
      |     [01;31m[K^~~~~~~~~~~~~~[m[K
[01m[K/home/dai/workspace/Dataset_Toolbox/src/panorama/src/frontend/ang_vel_estimator.cpp:45:5:[m[K [01;31m[Kerror: [m[K‘[01m[Kprecomputed_bearing_vectors_[m[K’ was not declared in this scope; did you mean ‘[01m[Kprecomputed_bearing_vectors[m[K’?
   45 |     [01;31m[Kprecomputed_bearing_vectors_[m[K = precomputed_bearing_vectors;
      |     [01;31m[K^~~~~~~~~~~~~~~~~~~~~~~~~~~~[m[K
      |     [32m[Kprecomputed_bearing_vectors[m[K
[01m[K/home/dai/workspace/Dataset_Toolbox/src/panorama/src/frontend/ang_vel_estimator.cpp:48:65:[m[K [01;31m[Kerror: [m[K‘[01m[Kclass panorama::PoseGraphOptimizer[m[K’ has no member named ‘[01m[Kmutex_events[m[K’
   48 |     std::unique_lock<std::mutex> ev_lock(pose_graph_optimizer_->[01;31m[Kmutex_events[m[K);
      |                                                                 [01;31m[K^~~~~~~~~~~~[m[K
[01m[K/home/dai/workspace/Dataset_Toolbox/src/panorama/src/backend/pose_graph_optimizer.cpp:[m[K In constructor ‘[01m[Kpanorama::PoseGraphOptimizer::PoseGraphOptimizer(ros::NodeHandle*)[m[K’:
[01m[K/home/dai/workspace/Dataset_Toolbox/src/panorama/src/backend/pose_graph_optimizer.cpp:7:71:[m[K [01;31m[Kerror: [m[Kclass ‘[01m[Kpanorama::PoseGraphOptimizer[m[K’ does not have any field named ‘[01m[Kit_[m[K’
    7 | PoseGraphOptimizer::PoseGraphOptimizer(ros::NodeHandle* nh): nh_(nh), [01;31m[Kit_[m[K(*nh)
      |                                                                       [01;31m[K^~~[m[K
[01m[K/home/dai/workspace/Dataset_Toolbox/src/panorama/src/backend/pose_graph_optimizer.cpp:9:5:[m[K [01;31m[Kerror: [m[K‘[01m[Kimage_pub_[m[K’ was not declared in this scope
    9 |     [01;31m[Kimage_pub_[m[K = it_.advertise("pano_map", 1);
      |     [01;31m[K^~~~~~~~~~[m[K
[01m[K/home/dai/workspace/Dataset_Toolbox/src/panorama/src/backend/pose_graph_optimizer.cpp:9:18:[m[K [01;31m[Kerror: [m[K‘[01m[Kit_[m[K’ was not declared in this scope
    9 |     image_pub_ = [01;31m[Kit_[m[K.advertise("pano_map", 1);
      |                  [01;31m[K^~~[m[K
[01m[K/home/dai/workspace/Dataset_Toolbox/src/panorama/src/frontend/ang_vel_estimator.cpp:50:5:[m[K [01;31m[Kerror: [m[K‘[01m[Knum_event_total_[m[K’ was not declared in this scope
   50 |     [01;31m[Knum_event_total_[m[K = 0;
      |     [01;31m[K^~~~~~~~~~~~~~~~[m[K
[01m[K/home/dai/workspace/Dataset_Toolbox/src/panorama/src/backend/pose_graph_optimizer.cpp:[m[K In destructor ‘[01m[Kpanorama::PoseGraphOptimizer::~PoseGraphOptimizer()[m[K’:
[01m[K/home/dai/workspace/Dataset_Toolbox/src/panorama/src/backend/pose_graph_optimizer.cpp:14:12:[m[K [01;31m[Kerror: [m[K‘[01m[Ktraj_[m[K’ was not declared in this scope
   14 |     delete [01;31m[Ktraj_[m[K;
      |            [01;31m[K^~~~~[m[K
[01m[K/home/dai/workspace/Dataset_Toolbox/src/panorama/src/backend/pose_graph_optimizer.cpp:15:12:[m[K [01;31m[Kerror: [m[K‘[01m[Kevent_warper_[m[K’ was not declared in this scope
   15 |     delete [01;31m[Kevent_warper_[m[K;
      |            [01;31m[K^~~~~~~~~~~~~[m[K
[01m[K/home/dai/workspace/Dataset_Toolbox/src/panorama/src/backend/pose_graph_optimizer.cpp:16:5:[m[K [01;31m[Kerror: [m[K‘[01m[Kimage_pub_[m[K’ was not declared in this scope
   16 |     [01;31m[Kimage_pub_[m[K.shutdown();
      |     [01;31m[K^~~~~~~~~~[m[K
[01m[K/home/dai/workspace/Dataset_Toolbox/src/panorama/src/frontend/ang_vel_estimator.cpp:51:5:[m[K [01;31m[Kerror: [m[K‘[01m[Kevent_subsets_info_[m[K’ was not declared in this scope
   51 |     [01;31m[Kevent_subsets_info_[m[K.clear();
      |     [01;31m[K^~~~~~~~~~~~~~~~~~~[m[K
make[2]: *** [CMakeFiles/Panorama.dir/build.make:104: CMakeFiles/Panorama.dir/src/frontend/ang_vel_estimator.cpp.o] Error 1
make[2]: *** Waiting for unfinished jobs....
make[2]: *** [CMakeFiles/Panorama.dir/build.make:118: CMakeFiles/Panorama.dir/src/backend/pose_graph_optimizer.cpp.o] Error 1
make[1]: *** [CMakeFiles/Makefile2:1107: CMakeFiles/Panorama.dir/all] Error 2
make: *** [Makefile:146: all] Error 2
