[01m[Kcc1plus:[m[K [01;35m[Kwarning: [m[K/usr/local/cuda/lib64/libOpenCL.so: not a directory
[01m[Kcc1plus:[m[K [01;35m[Kwarning: [m[K/usr/local/cuda/lib64/libOpenCL.so: not a directory
[01m[Kcc1plus:[m[K [01;35m[Kwarning: [m[K/usr/local/cuda/lib64/libOpenCL.so: not a directory
[01m[Kcc1plus:[m[K [01;35m[Kwarning: [m[K/usr/local/cuda/lib64/libOpenCL.so: not a directory
[01m[K/home/dai/workspace/Dataset_Toolbox/src/panorama/src/frontend/ang_vel_estimator.cpp:[m[K In member function ‘[01m[KEigen::Vector2d panorama::AngVelEstimator::processEvent(const Event&)[m[K’:
[01m[K/home/dai/workspace/Dataset_Toolbox/src/panorama/src/frontend/ang_vel_estimator.cpp:62:67:[m[K [01;31m[Kerror: [m[K‘[01m[Ksensor_width_[m[K’ was not declared in this scope
   62 |     const cv::Point3d bvec = precomputed_bearing_vectors_.at(ev.y*[01;31m[Ksensor_width_[m[K + ev.x);
      |                                                                   [01;31m[K^~~~~~~~~~~~~[m[K
[01m[K/home/dai/workspace/Dataset_Toolbox/src/panorama/src/frontend/ang_vel_estimator.cpp:65:15:[m[K [01;31m[Kerror: [m[K‘[01m[Kfront_end_params_[m[K’ was not declared in this scope
   65 |     R_eigen = [01;31m[Kfront_end_params_[m[K.image_opt.R_matrix;
      |               [01;31m[K^~~~~~~~~~~~~~~~~[m[K
[01m[K/home/dai/workspace/Dataset_Toolbox/src/panorama/src/frontend/ang_vel_estimator.cpp:76:17:[m[K [01;31m[Kerror: [m[K‘[01m[Kcenter[m[K’ was not declared in this scope
   76 |     px_mosaic = [01;31m[Kcenter[m[K + Eigen::Vector2d(-phi * panorama_width_ / (2.0 * pi), -theta * panorama_height_ / (pi*57.99/180));
      |                 [01;31m[K^~~~~~[m[K
[01m[K/home/dai/workspace/Dataset_Toolbox/src/panorama/src/panorama.cpp:[m[K In member function ‘[01m[Kvoid panorama::Panorama::eventsCallback(const ConstPtr&)[m[K’:
[01m[K/home/dai/workspace/Dataset_Toolbox/src/panorama/src/panorama.cpp:128:64:[m[K [01;31m[Kerror: [m[K‘[01m[Kev[m[K’ was not declared in this scope; did you mean ‘[01m[Kcv[m[K’?
  128 |     Eigen::Vector2d result = ang_vel_estimator_->processEvent(*[01;31m[Kev[m[K);
      |                                                                [01;31m[K^~[m[K
      |                                                                [32m[Kcv[m[K
[01m[K/home/dai/workspace/Dataset_Toolbox/src/panorama/src/frontend/ang_vel_estimator.cpp:76:49:[m[K [01;31m[Kerror: [m[K‘[01m[Kpanorama_width_[m[K’ was not declared in this scope
   76 |     px_mosaic = center + Eigen::Vector2d(-phi * [01;31m[Kpanorama_width_[m[K / (2.0 * pi), -theta * panorama_height_ / (pi*57.99/180));
      |                                                 [01;31m[K^~~~~~~~~~~~~~~[m[K
[01m[K/home/dai/workspace/Dataset_Toolbox/src/panorama/src/frontend/ang_vel_estimator.cpp:76:74:[m[K [01;31m[Kerror: [m[K‘[01m[Kpi[m[K’ was not declared in this scope; did you mean ‘[01m[Kphi[m[K’?
   76 |     px_mosaic = center + Eigen::Vector2d(-phi * panorama_width_ / (2.0 * [01;31m[Kpi[m[K), -theta * panorama_height_ / (pi*57.99/180));
      |                                                                          [01;31m[K^~[m[K
      |                                                                          [32m[Kphi[m[K
[01m[K/home/dai/workspace/Dataset_Toolbox/src/panorama/src/frontend/ang_vel_estimator.cpp:76:88:[m[K [01;31m[Kerror: [m[K‘[01m[Kpanorama_height_[m[K’ was not declared in this scope; did you mean ‘[01m[Kcam_height_[m[K’?
   76 |     px_mosaic = center + Eigen::Vector2d(-phi * panorama_width_ / (2.0 * pi), -theta * [01;31m[Kpanorama_height_[m[K / (pi*57.99/180));
      |                                                                                        [01;31m[K^~~~~~~~~~~~~~~~[m[K
      |                                                                                        [32m[Kcam_height_[m[K
[01m[K/home/dai/workspace/Dataset_Toolbox/src/panorama/src/frontend/ang_vel_estimator.cpp:[m[K At global scope:
[01m[K/home/dai/workspace/Dataset_Toolbox/src/panorama/src/frontend/ang_vel_estimator.cpp:115:6:[m[K [01;31m[Kerror: [m[Kno declaration matches ‘[01m[Kvoid panorama::AngVelEstimator::setRotationMatrix(const std::vector<double>&)[m[K’
  115 | void [01;31m[KAngVelEstimator[m[K::setRotationMatrix(const std::vector<double>& R_matrix) {
      |      [01;31m[K^~~~~~~~~~~~~~~[m[K
[01m[K/home/dai/workspace/Dataset_Toolbox/src/panorama/src/frontend/ang_vel_estimator.cpp:115:6:[m[K [01;36m[Knote: [m[Kno functions named ‘[01m[Kvoid panorama::AngVelEstimator::setRotationMatrix(const std::vector<double>&)[m[K’
In file included from [01m[K/home/dai/workspace/Dataset_Toolbox/src/panorama/include/backend/pose_graph_optimizer.h:2[m[K,
                 from [01m[K/home/dai/workspace/Dataset_Toolbox/src/panorama/src/frontend/ang_vel_estimator.cpp:1[m[K:
[01m[K/home/dai/workspace/Dataset_Toolbox/src/panorama/include/frontend/ang_vel_estimator.h:27:7:[m[K [01;36m[Knote: [m[K‘[01m[Kclass panorama::AngVelEstimator[m[K’ defined here
   27 | class [01;36m[KAngVelEstimator[m[K {
      |       [01;36m[K^~~~~~~~~~~~~~~[m[K
make[2]: *** [CMakeFiles/Panorama.dir/build.make:76: CMakeFiles/Panorama.dir/src/panorama.cpp.o] Error 1
make[2]: *** Waiting for unfinished jobs....
make[2]: *** [CMakeFiles/Panorama.dir/build.make:104: CMakeFiles/Panorama.dir/src/frontend/ang_vel_estimator.cpp.o] Error 1
make[1]: *** [CMakeFiles/Makefile2:1107: CMakeFiles/Panorama.dir/all] Error 2
make: *** [Makefile:146: all] Error 2
