[01m[Kcc1plus:[m[K [01;35m[Kwarning: [m[K/usr/local/cuda/lib64/libOpenCL.so: not a directory
[01m[K/home/dai/workspace/Dataset_Toolbox/src/panorama/src/panorama.cpp:[m[K In constructor ‘[01m[Kpanorama::Panorama::Panorama(ros::NodeHandle&)[m[K’:
[01m[K/home/dai/workspace/Dataset_Toolbox/src/panorama/src/panorama.cpp:25:5:[m[K [01;31m[Kerror: [m[K‘[01m[Kang_vel_estimator_[m[K’ was not declared in this scope
   25 |     [01;31m[Kang_vel_estimator_[m[K = std::make_unique<AngVelEstimator>();
      |     [01;31m[K^~~~~~~~~~~~~~~~~~[m[K
[01m[K/home/dai/workspace/Dataset_Toolbox/src/panorama/src/panorama.cpp:25:43:[m[K [01;31m[Kerror: [m[K‘[01m[KAngVelEstimator[m[K’ was not declared in this scope
   25 |     ang_vel_estimator_ = std::make_unique<[01;31m[KAngVelEstimator[m[K>();
      |                                           [01;31m[K^~~~~~~~~~~~~~~[m[K
[01m[K/home/dai/workspace/Dataset_Toolbox/src/panorama/src/panorama.cpp:25:60:[m[K [01;31m[Kerror: [m[Kno matching function for call to ‘[01m[Kmake_unique<<expression error> >()[m[K’
   25 |     ang_vel_estimator_ = std::make_unique<AngVelEstimator>([01;31m[K)[m[K;
      |                                                            [01;31m[K^[m[K
In file included from [01m[K/usr/include/c++/9/bits/locale_conv.h:41[m[K,
                 from [01m[K/usr/include/c++/9/locale:43[m[K,
                 from [01m[K/usr/include/c++/9/iomanip:43[m[K,
                 from [01m[K/usr/include/boost/math/policies/error_handling.hpp:12[m[K,
                 from [01m[K/usr/include/boost/math/special_functions/round.hpp:14[m[K,
                 from [01m[K/opt/ros/noetic/include/ros/time.h:58[m[K,
                 from [01m[K/opt/ros/noetic/include/ros/ros.h:38[m[K,
                 from [01m[K/home/dai/workspace/Dataset_Toolbox/src/panorama/include/panorama.h:2[m[K,
                 from [01m[K/home/dai/workspace/Dataset_Toolbox/src/panorama/src/panorama.cpp:1[m[K:
[01m[K/usr/include/c++/9/bits/unique_ptr.h:856:5:[m[K [01;36m[Knote: [m[Kcandidate: ‘[01m[Ktemplate<class _Tp, class ... _Args> typename std::_MakeUniq<_Tp>::__single_object std::make_unique(_Args&& ...)[m[K’
  856 |     [01;36m[Kmake_unique[m[K(_Args&&... __args)
      |     [01;36m[K^~~~~~~~~~~[m[K
[01m[K/usr/include/c++/9/bits/unique_ptr.h:856:5:[m[K [01;36m[Knote: [m[K  template argument deduction/substitution failed:
[01m[K/home/dai/workspace/Dataset_Toolbox/src/panorama/src/panorama.cpp:25:60:[m[K [01;31m[Kerror: [m[Ktemplate argument 1 is invalid
   25 |     ang_vel_estimator_ = std::make_unique<AngVelEstimator>([01;31m[K)[m[K;
      |                                                            [01;31m[K^[m[K
In file included from [01m[K/usr/include/c++/9/bits/locale_conv.h:41[m[K,
                 from [01m[K/usr/include/c++/9/locale:43[m[K,
                 from [01m[K/usr/include/c++/9/iomanip:43[m[K,
                 from [01m[K/usr/include/boost/math/policies/error_handling.hpp:12[m[K,
                 from [01m[K/usr/include/boost/math/special_functions/round.hpp:14[m[K,
                 from [01m[K/opt/ros/noetic/include/ros/time.h:58[m[K,
                 from [01m[K/opt/ros/noetic/include/ros/ros.h:38[m[K,
                 from [01m[K/home/dai/workspace/Dataset_Toolbox/src/panorama/include/panorama.h:2[m[K,
                 from [01m[K/home/dai/workspace/Dataset_Toolbox/src/panorama/src/panorama.cpp:1[m[K:
[01m[K/usr/include/c++/9/bits/unique_ptr.h:862:5:[m[K [01;36m[Knote: [m[Kcandidate: ‘[01m[Ktemplate<class _Tp> typename std::_MakeUniq<_Tp>::__array std::make_unique(std::size_t)[m[K’
  862 |     [01;36m[Kmake_unique[m[K(size_t __num)
      |     [01;36m[K^~~~~~~~~~~[m[K
[01m[K/usr/include/c++/9/bits/unique_ptr.h:862:5:[m[K [01;36m[Knote: [m[K  template argument deduction/substitution failed:
[01m[K/home/dai/workspace/Dataset_Toolbox/src/panorama/src/panorama.cpp:25:60:[m[K [01;31m[Kerror: [m[Ktemplate argument 1 is invalid
   25 |     ang_vel_estimator_ = std::make_unique<AngVelEstimator>([01;31m[K)[m[K;
      |                                                            [01;31m[K^[m[K
In file included from [01m[K/usr/include/c++/9/bits/locale_conv.h:41[m[K,
                 from [01m[K/usr/include/c++/9/locale:43[m[K,
                 from [01m[K/usr/include/c++/9/iomanip:43[m[K,
                 from [01m[K/usr/include/boost/math/policies/error_handling.hpp:12[m[K,
                 from [01m[K/usr/include/boost/math/special_functions/round.hpp:14[m[K,
                 from [01m[K/opt/ros/noetic/include/ros/time.h:58[m[K,
                 from [01m[K/opt/ros/noetic/include/ros/ros.h:38[m[K,
                 from [01m[K/home/dai/workspace/Dataset_Toolbox/src/panorama/include/panorama.h:2[m[K,
                 from [01m[K/home/dai/workspace/Dataset_Toolbox/src/panorama/src/panorama.cpp:1[m[K:
[01m[K/usr/include/c++/9/bits/unique_ptr.h:868:5:[m[K [01;36m[Knote: [m[Kcandidate: ‘[01m[Ktemplate<class _Tp, class ... _Args> typename std::_MakeUniq<_Tp>::__invalid_type std::make_unique(_Args&& ...)[m[K’ <deleted>
  868 |     [01;36m[Kmake_unique[m[K(_Args&&...) = delete;
      |     [01;36m[K^~~~~~~~~~~[m[K
[01m[K/usr/include/c++/9/bits/unique_ptr.h:868:5:[m[K [01;36m[Knote: [m[K  template argument deduction/substitution failed:
[01m[K/home/dai/workspace/Dataset_Toolbox/src/panorama/src/panorama.cpp:25:60:[m[K [01;31m[Kerror: [m[Ktemplate argument 1 is invalid
   25 |     ang_vel_estimator_ = std::make_unique<AngVelEstimator>([01;31m[K)[m[K;
      |                                                            [01;31m[K^[m[K
[01m[K/home/dai/workspace/Dataset_Toolbox/src/panorama/src/panorama.cpp:26:5:[m[K [01;31m[Kerror: [m[K‘[01m[Kpose_graph_optimizer_[m[K’ was not declared in this scope
   26 |     [01;31m[Kpose_graph_optimizer_[m[K = std::make_unique<PoseGraphOptimizer>();
      |     [01;31m[K^~~~~~~~~~~~~~~~~~~~~[m[K
[01m[K/home/dai/workspace/Dataset_Toolbox/src/panorama/src/panorama.cpp:26:46:[m[K [01;31m[Kerror: [m[K‘[01m[KPoseGraphOptimizer[m[K’ was not declared in this scope
   26 |     pose_graph_optimizer_ = std::make_unique<[01;31m[KPoseGraphOptimizer[m[K>();
      |                                              [01;31m[K^~~~~~~~~~~~~~~~~~[m[K
[01m[K/home/dai/workspace/Dataset_Toolbox/src/panorama/src/panorama.cpp:26:66:[m[K [01;31m[Kerror: [m[Kno matching function for call to ‘[01m[Kmake_unique<<expression error> >()[m[K’
   26 |     pose_graph_optimizer_ = std::make_unique<PoseGraphOptimizer>([01;31m[K)[m[K;
      |                                                                  [01;31m[K^[m[K
In file included from [01m[K/usr/include/c++/9/bits/locale_conv.h:41[m[K,
                 from [01m[K/usr/include/c++/9/locale:43[m[K,
                 from [01m[K/usr/include/c++/9/iomanip:43[m[K,
                 from [01m[K/usr/include/boost/math/policies/error_handling.hpp:12[m[K,
                 from [01m[K/usr/include/boost/math/special_functions/round.hpp:14[m[K,
                 from [01m[K/opt/ros/noetic/include/ros/time.h:58[m[K,
                 from [01m[K/opt/ros/noetic/include/ros/ros.h:38[m[K,
                 from [01m[K/home/dai/workspace/Dataset_Toolbox/src/panorama/include/panorama.h:2[m[K,
                 from [01m[K/home/dai/workspace/Dataset_Toolbox/src/panorama/src/panorama.cpp:1[m[K:
[01m[K/usr/include/c++/9/bits/unique_ptr.h:856:5:[m[K [01;36m[Knote: [m[Kcandidate: ‘[01m[Ktemplate<class _Tp, class ... _Args> typename std::_MakeUniq<_Tp>::__single_object std::make_unique(_Args&& ...)[m[K’
  856 |     [01;36m[Kmake_unique[m[K(_Args&&... __args)
      |     [01;36m[K^~~~~~~~~~~[m[K
[01m[K/usr/include/c++/9/bits/unique_ptr.h:856:5:[m[K [01;36m[Knote: [m[K  template argument deduction/substitution failed:
[01m[K/home/dai/workspace/Dataset_Toolbox/src/panorama/src/panorama.cpp:26:66:[m[K [01;31m[Kerror: [m[Ktemplate argument 1 is invalid
   26 |     pose_graph_optimizer_ = std::make_unique<PoseGraphOptimizer>([01;31m[K)[m[K;
      |                                                                  [01;31m[K^[m[K
In file included from [01m[K/usr/include/c++/9/bits/locale_conv.h:41[m[K,
                 from [01m[K/usr/include/c++/9/locale:43[m[K,
                 from [01m[K/usr/include/c++/9/iomanip:43[m[K,
                 from [01m[K/usr/include/boost/math/policies/error_handling.hpp:12[m[K,
                 from [01m[K/usr/include/boost/math/special_functions/round.hpp:14[m[K,
                 from [01m[K/opt/ros/noetic/include/ros/time.h:58[m[K,
                 from [01m[K/opt/ros/noetic/include/ros/ros.h:38[m[K,
                 from [01m[K/home/dai/workspace/Dataset_Toolbox/src/panorama/include/panorama.h:2[m[K,
                 from [01m[K/home/dai/workspace/Dataset_Toolbox/src/panorama/src/panorama.cpp:1[m[K:
[01m[K/usr/include/c++/9/bits/unique_ptr.h:862:5:[m[K [01;36m[Knote: [m[Kcandidate: ‘[01m[Ktemplate<class _Tp> typename std::_MakeUniq<_Tp>::__array std::make_unique(std::size_t)[m[K’
  862 |     [01;36m[Kmake_unique[m[K(size_t __num)
      |     [01;36m[K^~~~~~~~~~~[m[K
[01m[K/usr/include/c++/9/bits/unique_ptr.h:862:5:[m[K [01;36m[Knote: [m[K  template argument deduction/substitution failed:
[01m[K/home/dai/workspace/Dataset_Toolbox/src/panorama/src/panorama.cpp:26:66:[m[K [01;31m[Kerror: [m[Ktemplate argument 1 is invalid
   26 |     pose_graph_optimizer_ = std::make_unique<PoseGraphOptimizer>([01;31m[K)[m[K;
      |                                                                  [01;31m[K^[m[K
In file included from [01m[K/usr/include/c++/9/bits/locale_conv.h:41[m[K,
                 from [01m[K/usr/include/c++/9/locale:43[m[K,
                 from [01m[K/usr/include/c++/9/iomanip:43[m[K,
                 from [01m[K/usr/include/boost/math/policies/error_handling.hpp:12[m[K,
                 from [01m[K/usr/include/boost/math/special_functions/round.hpp:14[m[K,
                 from [01m[K/opt/ros/noetic/include/ros/time.h:58[m[K,
                 from [01m[K/opt/ros/noetic/include/ros/ros.h:38[m[K,
                 from [01m[K/home/dai/workspace/Dataset_Toolbox/src/panorama/include/panorama.h:2[m[K,
                 from [01m[K/home/dai/workspace/Dataset_Toolbox/src/panorama/src/panorama.cpp:1[m[K:
[01m[K/usr/include/c++/9/bits/unique_ptr.h:868:5:[m[K [01;36m[Knote: [m[Kcandidate: ‘[01m[Ktemplate<class _Tp, class ... _Args> typename std::_MakeUniq<_Tp>::__invalid_type std::make_unique(_Args&& ...)[m[K’ <deleted>
  868 |     [01;36m[Kmake_unique[m[K(_Args&&...) = delete;
      |     [01;36m[K^~~~~~~~~~~[m[K
[01m[K/usr/include/c++/9/bits/unique_ptr.h:868:5:[m[K [01;36m[Knote: [m[K  template argument deduction/substitution failed:
[01m[K/home/dai/workspace/Dataset_Toolbox/src/panorama/src/panorama.cpp:26:66:[m[K [01;31m[Kerror: [m[Ktemplate argument 1 is invalid
   26 |     pose_graph_optimizer_ = std::make_unique<PoseGraphOptimizer>([01;31m[K)[m[K;
      |                                                                  [01;31m[K^[m[K
[01m[K/home/dai/workspace/Dataset_Toolbox/src/panorama/src/panorama.cpp:[m[K In destructor ‘[01m[Kpanorama::Panorama::~Panorama()[m[K’:
[01m[K/home/dai/workspace/Dataset_Toolbox/src/panorama/src/panorama.cpp:31:9:[m[K [01;31m[Kerror: [m[K‘[01m[Kpose_graph_optimizer_[m[K’ was not declared in this scope
   31 |     if ([01;31m[Kpose_graph_optimizer_[m[K) {
      |         [01;31m[K^~~~~~~~~~~~~~~~~~~~~[m[K
[01m[K/home/dai/workspace/Dataset_Toolbox/src/panorama/src/panorama.cpp:[m[K In member function ‘[01m[Kvoid panorama::Panorama::cameraInfoCallback(const ConstPtr&)[m[K’:
[01m[K/home/dai/workspace/Dataset_Toolbox/src/panorama/src/panorama.cpp:63:9:[m[K [01;31m[Kerror: [m[K‘[01m[Kang_vel_estimator_[m[K’ was not declared in this scope
   63 |         [01;31m[Kang_vel_estimator_[m[K->initialize(&cam, front_end_params_, precomputed_bearing_vectors);
      |         [01;31m[K^~~~~~~~~~~~~~~~~~[m[K
[01m[K/home/dai/workspace/Dataset_Toolbox/src/panorama/src/panorama.cpp:66:9:[m[K [01;31m[Kerror: [m[K‘[01m[Kpose_graph_optimizer_[m[K’ was not declared in this scope
   66 |         [01;31m[Kpose_graph_optimizer_[m[K->initialize(
      |         [01;31m[K^~~~~~~~~~~~~~~~~~~~~[m[K
[01m[K/home/dai/workspace/Dataset_Toolbox/src/panorama/src/panorama.cpp:[m[K In member function ‘[01m[Kvoid panorama::Panorama::eventsCallback(const ConstPtr&)[m[K’:
[01m[K/home/dai/workspace/Dataset_Toolbox/src/panorama/src/panorama.cpp:89:9:[m[K [01;31m[Kerror: [m[K‘[01m[Kang_vel_estimator_[m[K’ was not declared in this scope
   89 |         [01;31m[Kang_vel_estimator_[m[K->pushEvent(*ev);
      |         [01;31m[K^~~~~~~~~~~~~~~~~~[m[K
[01m[K/home/dai/workspace/Dataset_Toolbox/src/panorama/src/panorama.cpp:93:9:[m[K [01;31m[Kerror: [m[K‘[01m[Kang_vel_estimator_[m[K’ was not declared in this scope
   93 |     if ([01;31m[Kang_vel_estimator_[m[K->isReadyToUpdate()) {
      |         [01;31m[K^~~~~~~~~~~~~~~~~~[m[K
[01m[K/home/dai/workspace/Dataset_Toolbox/src/panorama/src/panorama.cpp:94:9:[m[K [01;31m[Kerror: [m[K‘[01m[KEigen[m[K’ has not been declared
   94 |         [01;31m[KEigen[m[K::Matrix3d rotation = ang_vel_estimator_->estimateCurrentRotation();
      |         [01;31m[K^~~~~[m[K
[01m[K/home/dai/workspace/Dataset_Toolbox/src/panorama/src/panorama.cpp:95:9:[m[K [01;31m[Kerror: [m[K‘[01m[Kpose_graph_optimizer_[m[K’ was not declared in this scope
   95 |         [01;31m[Kpose_graph_optimizer_[m[K->updatePose(rotation); // 后端更新位姿
      |         [01;31m[K^~~~~~~~~~~~~~~~~~~~~[m[K
[01m[K/home/dai/workspace/Dataset_Toolbox/src/panorama/src/panorama.cpp:95:43:[m[K [01;31m[Kerror: [m[K‘[01m[Krotation[m[K’ was not declared in this scope
   95 |         pose_graph_optimizer_->updatePose([01;31m[Krotation[m[K); // 后端更新位姿
      |                                           [01;31m[K^~~~~~~~[m[K
make[2]: *** [CMakeFiles/Panorama.dir/build.make:76: CMakeFiles/Panorama.dir/src/panorama.cpp.o] Error 1
make[1]: *** [CMakeFiles/Makefile2:1107: CMakeFiles/Panorama.dir/all] Error 2
make: *** [Makefile:146: all] Error 2
