[01m[Kcc1plus:[m[K [01;35m[Kwarning: [m[K/usr/local/cuda/lib64/libOpenCL.so: not a directory
[01m[K/home/dai/workspace/Dataset_Toolbox/src/panorama/src/panorama.cpp:[m[K In member function ‘[01m[Kvoid panorama::Panorama::precomputeBearingVectors()[m[K’:
[01m[K/home/dai/workspace/Dataset_Toolbox/src/panorama/src/panorama.cpp:68:13:[m[K [01;31m[Kerror: [m[K‘[01m[Kcout[m[K’ was not declared in this scope; did you mean ‘[01m[Kstd::cout[m[K’?
   68 |             [01;31m[Kcout[m[K << precomputed_bearing_vectors << endl;
      |             [01;31m[K^~~~[m[K
      |             [32m[Kstd::cout[m[K
In file included from [01m[K/opt/ros/noetic/include/ros/time.h:54[m[K,
                 from [01m[K/opt/ros/noetic/include/ros/ros.h:38[m[K,
                 from [01m[K/home/dai/workspace/Dataset_Toolbox/src/panorama/include/panorama.h:2[m[K,
                 from [01m[K/home/dai/workspace/Dataset_Toolbox/src/panorama/src/panorama.cpp:1[m[K:
[01m[K/usr/include/c++/9/iostream:61:18:[m[K [01;36m[Knote: [m[K‘[01m[Kstd::cout[m[K’ declared here
   61 |   extern ostream [01;36m[Kcout[m[K;  /// Linked to standard output
      |                  [01;36m[K^~~~[m[K
[01m[K/home/dai/workspace/Dataset_Toolbox/src/panorama/src/panorama.cpp:68:52:[m[K [01;31m[Kerror: [m[K‘[01m[Kendl[m[K’ was not declared in this scope; did you mean ‘[01m[Kstd::endl[m[K’?
   68 |             cout << precomputed_bearing_vectors << [01;31m[Kendl[m[K;
      |                                                    [01;31m[K^~~~[m[K
      |                                                    [32m[Kstd::endl[m[K
In file included from [01m[K/usr/include/c++/9/iostream:39[m[K,
                 from [01m[K/opt/ros/noetic/include/ros/time.h:54[m[K,
                 from [01m[K/opt/ros/noetic/include/ros/ros.h:38[m[K,
                 from [01m[K/home/dai/workspace/Dataset_Toolbox/src/panorama/include/panorama.h:2[m[K,
                 from [01m[K/home/dai/workspace/Dataset_Toolbox/src/panorama/src/panorama.cpp:1[m[K:
[01m[K/usr/include/c++/9/ostream:599:5:[m[K [01;36m[Knote: [m[K‘[01m[Kstd::endl[m[K’ declared here
  599 |     [01;36m[Kendl[m[K(basic_ostream<_CharT, _Traits>& __os)
      |     [01;36m[K^~~~[m[K
make[2]: *** [CMakeFiles/Panorama.dir/build.make:76: CMakeFiles/Panorama.dir/src/panorama.cpp.o] Error 1
make[1]: *** [CMakeFiles/Makefile2:1107: CMakeFiles/Panorama.dir/all] Error 2
make: *** [Makefile:146: all] Error 2
