[01m[Kcc1plus:[m[K [01;35m[Kwarning: [m[K/usr/local/cuda/lib64/libOpenCL.so: not a directory
[01m[Kcc1plus:[m[K [01;35m[Kwarning: [m[K/usr/local/cuda/lib64/libOpenCL.so: not a directory
[01m[Kcc1plus:[m[K [01;35m[Kwarning: [m[K/usr/local/cuda/lib64/libOpenCL.so: not a directory
[01m[Kcc1plus:[m[K [01;35m[Kwarning: [m[K/usr/local/cuda/lib64/libOpenCL.so: not a directory
[01m[K/home/dai/workspace/Dataset_Toolbox/src/panorama/src/frontend/ang_vel_estimator.cpp:[m[K In member function ‘[01m[Kvoid panorama::AngVelEstimator::processEvent(const Event&)[m[K’:
[01m[K/home/dai/workspace/Dataset_Toolbox/src/panorama/src/frontend/ang_vel_estimator.cpp:74:58:[m[K [01;31m[Kerror: [m[Kbase operand of ‘[01m[K->[m[K’ has non-pointer type ‘[01m[Kstd::vector<cv::Point3_<double> >[m[K’
   74 |     const cv::Point3d bvec = precomputed_bearing_vectors_[01;31m[K->[m[Kat(ev->y*sensor_width_ + ev->x);
      |                                                          [01;31m[K^~[m[K
[01m[K/home/dai/workspace/Dataset_Toolbox/src/panorama/src/frontend/ang_vel_estimator.cpp:74:65:[m[K [01;31m[Kerror: [m[Kbase operand of ‘[01m[K->[m[K’ has non-pointer type ‘[01m[Kconst Event[m[K’ {aka ‘[01m[Kconst dvs_msgs::Event_<std::allocator<void> >[m[K’}
   74 |     const cv::Point3d bvec = precomputed_bearing_vectors_->at(ev[01;31m[K->[m[Ky*sensor_width_ + ev->x);
      |                                                                 [01;31m[K^~[m[K
[01m[K/home/dai/workspace/Dataset_Toolbox/src/panorama/src/frontend/ang_vel_estimator.cpp:74:69:[m[K [01;31m[Kerror: [m[K‘[01m[Ksensor_width_[m[K’ was not declared in this scope
   74 |     const cv::Point3d bvec = precomputed_bearing_vectors_->at(ev->y*[01;31m[Ksensor_width_[m[K + ev->x);
      |                                                                     [01;31m[K^~~~~~~~~~~~~[m[K
[01m[K/home/dai/workspace/Dataset_Toolbox/src/panorama/src/frontend/ang_vel_estimator.cpp:74:87:[m[K [01;31m[Kerror: [m[Kbase operand of ‘[01m[K->[m[K’ has non-pointer type ‘[01m[Kconst Event[m[K’ {aka ‘[01m[Kconst dvs_msgs::Event_<std::allocator<void> >[m[K’}
   74 |     const cv::Point3d bvec = precomputed_bearing_vectors_->at(ev->y*sensor_width_ + ev[01;31m[K->[m[Kx);
      |                                                                                       [01;31m[K^~[m[K
[01m[K/home/dai/workspace/Dataset_Toolbox/src/panorama/src/frontend/ang_vel_estimator.cpp:77:15:[m[K [01;31m[Kerror: [m[K‘[01m[Kfront_end_params_[m[K’ was not declared in this scope
   77 |     R_eigen = [01;31m[Kfront_end_params_[m[K.image_opt.R_matrix;
      |               [01;31m[K^~~~~~~~~~~~~~~~~[m[K
[01m[K/home/dai/workspace/Dataset_Toolbox/src/panorama/src/panorama.cpp:[m[K In constructor ‘[01m[Kpanorama::Panorama::Panorama(ros::NodeHandle&)[m[K’:
[01m[K/home/dai/workspace/Dataset_Toolbox/src/panorama/src/panorama.cpp:33:72:[m[K [01;31m[Kerror: [m[Kno matching function for call to ‘[01m[Kros::NodeHandle::getParam(const char [9], Eigen::Matrix3d&)[m[K’
   33 |     if (!pnh_.getParam("R_matrix", front_end_params_.image_opt.R_matrix[01;31m[K)[m[K) {
      |                                                                        [01;31m[K^[m[K
In file included from [01m[K/opt/ros/noetic/include/ros/ros.h:45[m[K,
                 from [01m[K/home/dai/workspace/Dataset_Toolbox/src/panorama/include/panorama.h:2[m[K,
                 from [01m[K/home/dai/workspace/Dataset_Toolbox/src/panorama/src/panorama.cpp:1[m[K:
[01m[K/opt/ros/noetic/include/ros/node_handle.h:1670:8:[m[K [01;36m[Knote: [m[Kcandidate: ‘[01m[Kbool ros::NodeHandle::getParam(const string&, std::string&) const[m[K’
 1670 |   bool [01;36m[KgetParam[m[K(const std::string& key, std::string& s) const;
      |        [01;36m[K^~~~~~~~[m[K
[01m[K/opt/ros/noetic/include/ros/node_handle.h:1670:54:[m[K [01;36m[Knote: [m[K  no known conversion for argument 2 from ‘[01m[KEigen::Matrix3d[m[K’ {aka ‘[01m[KEigen::Matrix<double, 3, 3>[m[K’} to ‘[01m[Kstd::string&[m[K’ {aka ‘[01m[Kstd::__cxx11::basic_string<char>&[m[K’}
 1670 |   bool getParam(const std::string& key, [01;36m[Kstd::string& s[m[K) const;
      |                                         [01;36m[K~~~~~~~~~~~~~^[m[K
[01m[K/opt/ros/noetic/include/ros/node_handle.h:1681:8:[m[K [01;36m[Knote: [m[Kcandidate: ‘[01m[Kbool ros::NodeHandle::getParam(const string&, double&) const[m[K’
 1681 |   bool [01;36m[KgetParam[m[K(const std::string& key, double& d) const;
      |        [01;36m[K^~~~~~~~[m[K
[01m[K/opt/ros/noetic/include/ros/node_handle.h:1681:49:[m[K [01;36m[Knote: [m[K  no known conversion for argument 2 from ‘[01m[KEigen::Matrix3d[m[K’ {aka ‘[01m[KEigen::Matrix<double, 3, 3>[m[K’} to ‘[01m[Kdouble&[m[K’
 1681 |   bool getParam(const std::string& key, [01;36m[Kdouble& d[m[K) const;
      |                                         [01;36m[K~~~~~~~~^[m[K
[01m[K/opt/ros/noetic/include/ros/node_handle.h:1692:8:[m[K [01;36m[Knote: [m[Kcandidate: ‘[01m[Kbool ros::NodeHandle::getParam(const string&, float&) const[m[K’
 1692 |   bool [01;36m[KgetParam[m[K(const std::string& key, float& f) const;
      |        [01;36m[K^~~~~~~~[m[K
[01m[K/opt/ros/noetic/include/ros/node_handle.h:1692:48:[m[K [01;36m[Knote: [m[K  no known conversion for argument 2 from ‘[01m[KEigen::Matrix3d[m[K’ {aka ‘[01m[KEigen::Matrix<double, 3, 3>[m[K’} to ‘[01m[Kfloat&[m[K’
 1692 |   bool getParam(const std::string& key, [01;36m[Kfloat& f[m[K) const;
      |                                         [01;36m[K~~~~~~~^[m[K
[01m[K/opt/ros/noetic/include/ros/node_handle.h:1703:8:[m[K [01;36m[Knote: [m[Kcandidate: ‘[01m[Kbool ros::NodeHandle::getParam(const string&, int&) const[m[K’
 1703 |   bool [01;36m[KgetParam[m[K(const std::string& key, int& i) const;
      |        [01;36m[K^~~~~~~~[m[K
[01m[K/opt/ros/noetic/include/ros/node_handle.h:1703:46:[m[K [01;36m[Knote: [m[K  no known conversion for argument 2 from ‘[01m[KEigen::Matrix3d[m[K’ {aka ‘[01m[KEigen::Matrix<double, 3, 3>[m[K’} to ‘[01m[Kint&[m[K’
 1703 |   bool getParam(const std::string& key, [01;36m[Kint& i[m[K) const;
      |                                         [01;36m[K~~~~~^[m[K
[01m[K/opt/ros/noetic/include/ros/node_handle.h:1714:8:[m[K [01;36m[Knote: [m[Kcandidate: ‘[01m[Kbool ros::NodeHandle::getParam(const string&, bool&) const[m[K’
 1714 |   bool [01;36m[KgetParam[m[K(const std::string& key, bool& b) const;
      |        [01;36m[K^~~~~~~~[m[K
[01m[K/opt/ros/noetic/include/ros/node_handle.h:1714:47:[m[K [01;36m[Knote: [m[K  no known conversion for argument 2 from ‘[01m[KEigen::Matrix3d[m[K’ {aka ‘[01m[KEigen::Matrix<double, 3, 3>[m[K’} to ‘[01m[Kbool&[m[K’
 1714 |   bool getParam(const std::string& key, [01;36m[Kbool& b[m[K) const;
      |                                         [01;36m[K~~~~~~^[m[K
[01m[K/opt/ros/noetic/include/ros/node_handle.h:1725:8:[m[K [01;36m[Knote: [m[Kcandidate: ‘[01m[Kbool ros::NodeHandle::getParam(const string&, XmlRpc::XmlRpcValue&) const[m[K’
 1725 |   bool [01;36m[KgetParam[m[K(const std::string& key, XmlRpc::XmlRpcValue& v) const;
      |        [01;36m[K^~~~~~~~[m[K
[01m[K/opt/ros/noetic/include/ros/node_handle.h:1725:62:[m[K [01;36m[Knote: [m[K  no known conversion for argument 2 from ‘[01m[KEigen::Matrix3d[m[K’ {aka ‘[01m[KEigen::Matrix<double, 3, 3>[m[K’} to ‘[01m[KXmlRpc::XmlRpcValue&[m[K’
 1725 |   bool getParam(const std::string& key, [01;36m[KXmlRpc::XmlRpcValue& v[m[K) const;
      |                                         [01;36m[K~~~~~~~~~~~~~~~~~~~~~^[m[K
[01m[K/opt/ros/noetic/include/ros/node_handle.h:1737:8:[m[K [01;36m[Knote: [m[Kcandidate: ‘[01m[Kbool ros::NodeHandle::getParam(const string&, std::vector<std::__cxx11::basic_string<char> >&) const[m[K’
 1737 |   bool [01;36m[KgetParam[m[K(const std::string& key, std::vector<std::string>& vec) const;
      |        [01;36m[K^~~~~~~~[m[K
[01m[K/opt/ros/noetic/include/ros/node_handle.h:1737:67:[m[K [01;36m[Knote: [m[K  no known conversion for argument 2 from ‘[01m[KEigen::Matrix3d[m[K’ {aka ‘[01m[KEigen::Matrix<double, 3, 3>[m[K’} to ‘[01m[Kstd::vector<std::__cxx11::basic_string<char> >&[m[K’
 1737 |   bool getParam(const std::string& key, [01;36m[Kstd::vector<std::string>& vec[m[K) const;
      |                                         [01;36m[K~~~~~~~~~~~~~~~~~~~~~~~~~~^~~[m[K
[01m[K/opt/ros/noetic/include/ros/node_handle.h:1748:8:[m[K [01;36m[Knote: [m[Kcandidate: ‘[01m[Kbool ros::NodeHandle::getParam(const string&, std::vector<double>&) const[m[K’
 1748 |   bool [01;36m[KgetParam[m[K(const std::string& key, std::vector<double>& vec) const;
      |        [01;36m[K^~~~~~~~[m[K
[01m[K/opt/ros/noetic/include/ros/node_handle.h:1748:62:[m[K [01;36m[Knote: [m[K  no known conversion for argument 2 from ‘[01m[KEigen::Matrix3d[m[K’ {aka ‘[01m[KEigen::Matrix<double, 3, 3>[m[K’} to ‘[01m[Kstd::vector<double>&[m[K’
 1748 |   bool getParam(const std::string& key, [01;36m[Kstd::vector<double>& vec[m[K) const;
      |                                         [01;36m[K~~~~~~~~~~~~~~~~~~~~~^~~[m[K
[01m[K/opt/ros/noetic/include/ros/node_handle.h:1759:8:[m[K [01;36m[Knote: [m[Kcandidate: ‘[01m[Kbool ros::NodeHandle::getParam(const string&, std::vector<float>&) const[m[K’
 1759 |   bool [01;36m[KgetParam[m[K(const std::string& key, std::vector<float>& vec) const;
      |        [01;36m[K^~~~~~~~[m[K
[01m[K/opt/ros/noetic/include/ros/node_handle.h:1759:61:[m[K [01;36m[Knote: [m[K  no known conversion for argument 2 from ‘[01m[KEigen::Matrix3d[m[K’ {aka ‘[01m[KEigen::Matrix<double, 3, 3>[m[K’} to ‘[01m[Kstd::vector<float>&[m[K’
 1759 |   bool getParam(const std::string& key, [01;36m[Kstd::vector<float>& vec[m[K) const;
      |                                         [01;36m[K~~~~~~~~~~~~~~~~~~~~^~~[m[K
[01m[K/opt/ros/noetic/include/ros/node_handle.h:1770:8:[m[K [01;36m[Knote: [m[Kcandidate: ‘[01m[Kbool ros::NodeHandle::getParam(const string&, std::vector<int>&) const[m[K’
 1770 |   bool [01;36m[KgetParam[m[K(const std::string& key, std::vector<int>& vec) const;
      |        [01;36m[K^~~~~~~~[m[K
[01m[K/opt/ros/noetic/include/ros/node_handle.h:1770:59:[m[K [01;36m[Knote: [m[K  no known conversion for argument 2 from ‘[01m[KEigen::Matrix3d[m[K’ {aka ‘[01m[KEigen::Matrix<double, 3, 3>[m[K’} to ‘[01m[Kstd::vector<int>&[m[K’
 1770 |   bool getParam(const std::string& key, [01;36m[Kstd::vector<int>& vec[m[K) const;
      |                                         [01;36m[K~~~~~~~~~~~~~~~~~~^~~[m[K
[01m[K/opt/ros/noetic/include/ros/node_handle.h:1781:8:[m[K [01;36m[Knote: [m[Kcandidate: ‘[01m[Kbool ros::NodeHandle::getParam(const string&, std::vector<bool>&) const[m[K’
 1781 |   bool [01;36m[KgetParam[m[K(const std::string& key, std::vector<bool>& vec) const;
      |        [01;36m[K^~~~~~~~[m[K
[01m[K/opt/ros/noetic/include/ros/node_handle.h:1781:60:[m[K [01;36m[Knote: [m[K  no known conversion for argument 2 from ‘[01m[KEigen::Matrix3d[m[K’ {aka ‘[01m[KEigen::Matrix<double, 3, 3>[m[K’} to ‘[01m[Kstd::vector<bool>&[m[K’
 1781 |   bool getParam(const std::string& key, [01;36m[Kstd::vector<bool>& vec[m[K) const;
      |                                         [01;36m[K~~~~~~~~~~~~~~~~~~~^~~[m[K
[01m[K/opt/ros/noetic/include/ros/node_handle.h:1793:8:[m[K [01;36m[Knote: [m[Kcandidate: ‘[01m[Kbool ros::NodeHandle::getParam(const string&, std::map<std::__cxx11::basic_string<char>, std::__cxx11::basic_string<char> >&) const[m[K’
 1793 |   bool [01;36m[KgetParam[m[K(const std::string& key, std::map<std::string, std::string>& map) const;
      |        [01;36m[K^~~~~~~~[m[K
[01m[K/opt/ros/noetic/include/ros/node_handle.h:1793:77:[m[K [01;36m[Knote: [m[K  no known conversion for argument 2 from ‘[01m[KEigen::Matrix3d[m[K’ {aka ‘[01m[KEigen::Matrix<double, 3, 3>[m[K’} to ‘[01m[Kstd::map<std::__cxx11::basic_string<char>, std::__cxx11::basic_string<char> >&[m[K’
 1793 |   bool getParam(const std::string& key, [01;36m[Kstd::map<std::string, std::string>& map[m[K) const;
      |                                         [01;36m[K~~~~~~~~~~~~~~~~~~~~~~~~~~~~~~~~~~~~^~~[m[K
[01m[K/opt/ros/noetic/include/ros/node_handle.h:1804:8:[m[K [01;36m[Knote: [m[Kcandidate: ‘[01m[Kbool ros::NodeHandle::getParam(const string&, std::map<std::__cxx11::basic_string<char>, double>&) const[m[K’
 1804 |   bool [01;36m[KgetParam[m[K(const std::string& key, std::map<std::string, double>& map) const;
      |        [01;36m[K^~~~~~~~[m[K
[01m[K/opt/ros/noetic/include/ros/node_handle.h:1804:72:[m[K [01;36m[Knote: [m[K  no known conversion for argument 2 from ‘[01m[KEigen::Matrix3d[m[K’ {aka ‘[01m[KEigen::Matrix<double, 3, 3>[m[K’} to ‘[01m[Kstd::map<std::__cxx11::basic_string<char>, double>&[m[K’
 1804 |   bool getParam(const std::string& key, [01;36m[Kstd::map<std::string, double>& map[m[K) const;
      |                                         [01;36m[K~~~~~~~~~~~~~~~~~~~~~~~~~~~~~~~^~~[m[K
[01m[K/opt/ros/noetic/include/ros/node_handle.h:1815:8:[m[K [01;36m[Knote: [m[Kcandidate: ‘[01m[Kbool ros::NodeHandle::getParam(const string&, std::map<std::__cxx11::basic_string<char>, float>&) const[m[K’
 1815 |   bool [01;36m[KgetParam[m[K(const std::string& key, std::map<std::string, float>& map) const;
      |        [01;36m[K^~~~~~~~[m[K
[01m[K/opt/ros/noetic/include/ros/node_handle.h:1815:71:[m[K [01;36m[Knote: [m[K  no known conversion for argument 2 from ‘[01m[KEigen::Matrix3d[m[K’ {aka ‘[01m[KEigen::Matrix<double, 3, 3>[m[K’} to ‘[01m[Kstd::map<std::__cxx11::basic_string<char>, float>&[m[K’
 1815 |   bool getParam(const std::string& key, [01;36m[Kstd::map<std::string, float>& map[m[K) const;
      |                                         [01;36m[K~~~~~~~~~~~~~~~~~~~~~~~~~~~~~~^~~[m[K
[01m[K/opt/ros/noetic/include/ros/node_handle.h:1826:8:[m[K [01;36m[Knote: [m[Kcandidate: ‘[01m[Kbool ros::NodeHandle::getParam(const string&, std::map<std::__cxx11::basic_string<char>, int>&) const[m[K’
 1826 |   bool [01;36m[KgetParam[m[K(const std::string& key, std::map<std::string, int>& map) const;
      |        [01;36m[K^~~~~~~~[m[K
[01m[K/opt/ros/noetic/include/ros/node_handle.h:1826:69:[m[K [01;36m[Knote: [m[K  no known conversion for argument 2 from ‘[01m[KEigen::Matrix3d[m[K’ {aka ‘[01m[KEigen::Matrix<double, 3, 3>[m[K’} to ‘[01m[Kstd::map<std::__cxx11::basic_string<char>, int>&[m[K’
 1826 |   bool getParam(const std::string& key, [01;36m[Kstd::map<std::string, int>& map[m[K) const;
      |                                         [01;36m[K~~~~~~~~~~~~~~~~~~~~~~~~~~~~^~~[m[K
[01m[K/opt/ros/noetic/include/ros/node_handle.h:1837:8:[m[K [01;36m[Knote: [m[Kcandidate: ‘[01m[Kbool ros::NodeHandle::getParam(const string&, std::map<std::__cxx11::basic_string<char>, bool>&) const[m[K’
 1837 |   bool [01;36m[KgetParam[m[K(const std::string& key, std::map<std::string, bool>& map) const;
      |        [01;36m[K^~~~~~~~[m[K
[01m[K/opt/ros/noetic/include/ros/node_handle.h:1837:70:[m[K [01;36m[Knote: [m[K  no known conversion for argument 2 from ‘[01m[KEigen::Matrix3d[m[K’ {aka ‘[01m[KEigen::Matrix<double, 3, 3>[m[K’} to ‘[01m[Kstd::map<std::__cxx11::basic_string<char>, bool>&[m[K’
 1837 |   bool getParam(const std::string& key, [01;36m[Kstd::map<std::string, bool>& map[m[K) const;
      |                                         [01;36m[K~~~~~~~~~~~~~~~~~~~~~~~~~~~~~^~~[m[K
[01m[K/home/dai/workspace/Dataset_Toolbox/src/panorama/src/panorama.cpp:34:48:[m[K [01;31m[Kerror: [m[Kno match for ‘[01m[Koperator=[m[K’ (operand types are ‘[01m[KEigen::Matrix3d[m[K’ {aka ‘[01m[KEigen::Matrix<double, 3, 3>[m[K’} and ‘[01m[Kstd::vector<double>[m[K’)
   34 |         front_end_params_.image_opt.R_matrix = [01;31m[Kdefault_R_matrix[m[K;
      |                                                [01;31m[K^~~~~~~~~~~~~~~~[m[K
In file included from [01m[K/usr/include/eigen3/Eigen/Core:432[m[K,
                 from [01m[K/usr/include/eigen3/Eigen/Dense:1[m[K,
                 from [01m[K/home/dai/workspace/Dataset_Toolbox/src/panorama/include/utils/parameters.h:4[m[K,
                 from [01m[K/home/dai/workspace/Dataset_Toolbox/src/panorama/include/backend/pose_graph_optimizer.h:3[m[K,
                 from [01m[K/home/dai/workspace/Dataset_Toolbox/src/panorama/include/frontend/ang_vel_estimator.h:3[m[K,
                 from [01m[K/home/dai/workspace/Dataset_Toolbox/src/panorama/include/panorama.h:10[m[K,
                 from [01m[K/home/dai/workspace/Dataset_Toolbox/src/panorama/src/panorama.cpp:1[m[K:
[01m[K/usr/include/eigen3/Eigen/src/Core/Matrix.h:206:33:[m[K [01;36m[Knote: [m[Kcandidate: ‘[01m[KEigen::Matrix<_Scalar, _Rows, _Cols, _Options, _MaxRows, _MaxCols>& Eigen::Matrix<_Scalar, _Rows, _Cols, _Options, _MaxRows, _MaxCols>::operator=(const Eigen::Matrix<_Scalar, _Rows, _Cols, _Options, _MaxRows, _MaxCols>&) [with _Scalar = double; int _Rows = 3; int _Cols = 3; int _Options = 0; int _MaxRows = 3; int _MaxCols = 3][m[K’
  206 |     EIGEN_STRONG_INLINE Matrix& [01;36m[Koperator[m[K=(const Matrix& other)
      |                                 [01;36m[K^~~~~~~~[m[K
[01m[K/usr/include/eigen3/Eigen/src/Core/Matrix.h:206:57:[m[K [01;36m[Knote: [m[K  no known conversion for argument 1 from ‘[01m[Kstd::vector<double>[m[K’ to ‘[01m[Kconst Eigen::Matrix<double, 3, 3>&[m[K’
  206 |     EIGEN_STRONG_INLINE Matrix& operator=([01;36m[Kconst Matrix& other[m[K)
      |                                           [01;36m[K~~~~~~~~~~~~~~^~~~~[m[K
[01m[K/usr/include/eigen3/Eigen/src/Core/Matrix.h:223:33:[m[K [01;36m[Knote: [m[Kcandidate: ‘[01m[Ktemplate<class OtherDerived> Eigen::Matrix<_Scalar, _Rows, _Cols, _Options, _MaxRows, _MaxCols>& Eigen::Matrix<_Scalar, _Rows, _Cols, _Options, _MaxRows, _MaxCols>::operator=(const Eigen::DenseBase<OtherDerived>&) [with OtherDerived = OtherDerived; _Scalar = double; int _Rows = 3; int _Cols = 3; int _Options = 0; int _MaxRows = 3; int _MaxCols = 3][m[K’
  223 |     EIGEN_STRONG_INLINE Matrix& [01;36m[Koperator[m[K=(const DenseBase<OtherDerived>& other)
      |                                 [01;36m[K^~~~~~~~[m[K
[01m[K/usr/include/eigen3/Eigen/src/Core/Matrix.h:223:33:[m[K [01;36m[Knote: [m[K  template argument deduction/substitution failed:
[01m[K/home/dai/workspace/Dataset_Toolbox/src/panorama/src/panorama.cpp:34:48:[m[K [01;36m[Knote: [m[K  ‘[01m[Kstd::vector<double>[m[K’ is not derived from ‘[01m[Kconst Eigen::DenseBase<Derived>[m[K’
   34 |         front_end_params_.image_opt.R_matrix = [01;36m[Kdefault_R_matrix[m[K;
      |                                                [01;36m[K^~~~~~~~~~~~~~~~[m[K
In file included from [01m[K/usr/include/eigen3/Eigen/Core:432[m[K,
                 from [01m[K/usr/include/eigen3/Eigen/Dense:1[m[K,
                 from [01m[K/home/dai/workspace/Dataset_Toolbox/src/panorama/include/utils/parameters.h:4[m[K,
                 from [01m[K/home/dai/workspace/Dataset_Toolbox/src/panorama/include/backend/pose_graph_optimizer.h:3[m[K,
                 from [01m[K/home/dai/workspace/Dataset_Toolbox/src/panorama/include/frontend/ang_vel_estimator.h:3[m[K,
                 from [01m[K/home/dai/workspace/Dataset_Toolbox/src/panorama/include/panorama.h:10[m[K,
                 from [01m[K/home/dai/workspace/Dataset_Toolbox/src/panorama/src/panorama.cpp:1[m[K:
[01m[K/usr/include/eigen3/Eigen/src/Core/Matrix.h:236:33:[m[K [01;36m[Knote: [m[Kcandidate: ‘[01m[Ktemplate<class OtherDerived> Eigen::Matrix<_Scalar, _Rows, _Cols, _Options, _MaxRows, _MaxCols>& Eigen::Matrix<_Scalar, _Rows, _Cols, _Options, _MaxRows, _MaxCols>::operator=(const Eigen::EigenBase<OtherDerived>&) [with OtherDerived = OtherDerived; _Scalar = double; int _Rows = 3; int _Cols = 3; int _Options = 0; int _MaxRows = 3; int _MaxCols = 3][m[K’
  236 |     EIGEN_STRONG_INLINE Matrix& [01;36m[Koperator[m[K=(const EigenBase<OtherDerived> &other)
      |                                 [01;36m[K^~~~~~~~[m[K
[01m[K/usr/include/eigen3/Eigen/src/Core/Matrix.h:236:33:[m[K [01;36m[Knote: [m[K  template argument deduction/substitution failed:
[01m[K/home/dai/workspace/Dataset_Toolbox/src/panorama/src/panorama.cpp:34:48:[m[K [01;36m[Knote: [m[K  ‘[01m[Kstd::vector<double>[m[K’ is not derived from ‘[01m[Kconst Eigen::EigenBase<Derived>[m[K’
   34 |         front_end_params_.image_opt.R_matrix = [01;36m[Kdefault_R_matrix[m[K;
      |                                                [01;36m[K^~~~~~~~~~~~~~~~[m[K
In file included from [01m[K/usr/include/eigen3/Eigen/Core:432[m[K,
                 from [01m[K/usr/include/eigen3/Eigen/Dense:1[m[K,
                 from [01m[K/home/dai/workspace/Dataset_Toolbox/src/panorama/include/utils/parameters.h:4[m[K,
                 from [01m[K/home/dai/workspace/Dataset_Toolbox/src/panorama/include/backend/pose_graph_optimizer.h:3[m[K,
                 from [01m[K/home/dai/workspace/Dataset_Toolbox/src/panorama/include/frontend/ang_vel_estimator.h:3[m[K,
                 from [01m[K/home/dai/workspace/Dataset_Toolbox/src/panorama/include/panorama.h:10[m[K,
                 from [01m[K/home/dai/workspace/Dataset_Toolbox/src/panorama/src/panorama.cpp:1[m[K:
[01m[K/usr/include/eigen3/Eigen/src/Core/Matrix.h:243:33:[m[K [01;36m[Knote: [m[Kcandidate: ‘[01m[Ktemplate<class OtherDerived> Eigen::Matrix<_Scalar, _Rows, _Cols, _Options, _MaxRows, _MaxCols>& Eigen::Matrix<_Scalar, _Rows, _Cols, _Options, _MaxRows, _MaxCols>::operator=(const Eigen::ReturnByValue<OtherDerived>&) [with OtherDerived = OtherDerived; _Scalar = double; int _Rows = 3; int _Cols = 3; int _Options = 0; int _MaxRows = 3; int _MaxCols = 3][m[K’
  243 |     EIGEN_STRONG_INLINE Matrix& [01;36m[Koperator[m[K=(const ReturnByValue<OtherDerived>& func)
      |                                 [01;36m[K^~~~~~~~[m[K
[01m[K/usr/include/eigen3/Eigen/src/Core/Matrix.h:243:33:[m[K [01;36m[Knote: [m[K  template argument deduction/substitution failed:
[01m[K/home/dai/workspace/Dataset_Toolbox/src/panorama/src/panorama.cpp:34:48:[m[K [01;36m[Knote: [m[K  ‘[01m[Kstd::vector<double>[m[K’ is not derived from ‘[01m[Kconst Eigen::ReturnByValue<Derived>[m[K’
   34 |         front_end_params_.image_opt.R_matrix = [01;36m[Kdefault_R_matrix[m[K;
      |                                                [01;36m[K^~~~~~~~~~~~~~~~[m[K
In file included from [01m[K/usr/include/eigen3/Eigen/Core:432[m[K,
                 from [01m[K/usr/include/eigen3/Eigen/Dense:1[m[K,
                 from [01m[K/home/dai/workspace/Dataset_Toolbox/src/panorama/include/utils/parameters.h:4[m[K,
                 from [01m[K/home/dai/workspace/Dataset_Toolbox/src/panorama/include/backend/pose_graph_optimizer.h:3[m[K,
                 from [01m[K/home/dai/workspace/Dataset_Toolbox/src/panorama/include/frontend/ang_vel_estimator.h:3[m[K,
                 from [01m[K/home/dai/workspace/Dataset_Toolbox/src/panorama/include/panorama.h:10[m[K,
                 from [01m[K/home/dai/workspace/Dataset_Toolbox/src/panorama/src/panorama.cpp:1[m[K:
[01m[K/usr/include/eigen3/Eigen/src/Core/Matrix.h:281:13:[m[K [01;36m[Knote: [m[Kcandidate: ‘[01m[KEigen::Matrix<_Scalar, _Rows, _Cols, _Options, _MaxRows, _MaxCols>& Eigen::Matrix<_Scalar, _Rows, _Cols, _Options, _MaxRows, _MaxCols>::operator=(Eigen::Matrix<_Scalar, _Rows, _Cols, _Options, _MaxRows, _MaxCols>&&) [with _Scalar = double; int _Rows = 3; int _Cols = 3; int _Options = 0; int _MaxRows = 3; int _MaxCols = 3][m[K’
  281 |     Matrix& [01;36m[Koperator[m[K=(Matrix&& other) EIGEN_NOEXCEPT_IF(std::is_nothrow_move_assignable<Scalar>::value)
      |             [01;36m[K^~~~~~~~[m[K
[01m[K/usr/include/eigen3/Eigen/src/Core/Matrix.h:281:32:[m[K [01;36m[Knote: [m[K  no known conversion for argument 1 from ‘[01m[Kstd::vector<double>[m[K’ to ‘[01m[KEigen::Matrix<double, 3, 3>&&[m[K’
  281 |     Matrix& operator=([01;36m[KMatrix&& other[m[K) EIGEN_NOEXCEPT_IF(std::is_nothrow_move_assignable<Scalar>::value)
      |                       [01;36m[K~~~~~~~~~^~~~~[m[K
[01m[K/usr/include/eigen3/Eigen/src/Core/Matrix.h:392:13:[m[K [01;36m[Knote: [m[Kcandidate: ‘[01m[Ktemplate<class OtherDerived> Eigen::Matrix<_Scalar, _Rows, _Cols, _Options, _MaxRows, _MaxCols>& Eigen::Matrix<_Scalar, _Rows, _Cols, _Options, _MaxRows, _MaxCols>::operator=(const Eigen::RotationBase<OtherDerived, Eigen::Matrix<_Scalar, _Rows, _Cols, _Options, _MaxRows, _MaxCols>::ColsAtCompileTime>&) [with OtherDerived = OtherDerived; _Scalar = double; int _Rows = 3; int _Cols = 3; int _Options = 0; int _MaxRows = 3; int _MaxCols = 3][m[K’
  392 |     Matrix& [01;36m[Koperator[m[K=(const RotationBase<OtherDerived,ColsAtCompileTime>& r);
      |             [01;36m[K^~~~~~~~[m[K
[01m[K/usr/include/eigen3/Eigen/src/Core/Matrix.h:392:13:[m[K [01;36m[Knote: [m[K  template argument deduction/substitution failed:
[01m[K/home/dai/workspace/Dataset_Toolbox/src/panorama/src/panorama.cpp:34:48:[m[K [01;36m[Knote: [m[K  ‘[01m[Kstd::vector<double>[m[K’ is not derived from ‘[01m[Kconst Eigen::RotationBase<Derived, 3>[m[K’
   34 |         front_end_params_.image_opt.R_matrix = [01;36m[Kdefault_R_matrix[m[K;
      |                                                [01;36m[K^~~~~~~~~~~~~~~~[m[K
[01m[K/home/dai/workspace/Dataset_Toolbox/src/panorama/src/panorama.cpp:37:48:[m[K [01;31m[Kerror: [m[Kno match for ‘[01m[Koperator=[m[K’ (operand types are ‘[01m[KEigen::Matrix3d[m[K’ {aka ‘[01m[KEigen::Matrix<double, 3, 3>[m[K’} and ‘[01m[Kstd::vector<double>[m[K’)
   37 |         front_end_params_.image_opt.R_matrix = [01;31m[Kdefault_R_matrix[m[K;
      |                                                [01;31m[K^~~~~~~~~~~~~~~~[m[K
In file included from [01m[K/usr/include/eigen3/Eigen/Core:432[m[K,
                 from [01m[K/usr/include/eigen3/Eigen/Dense:1[m[K,
                 from [01m[K/home/dai/workspace/Dataset_Toolbox/src/panorama/include/utils/parameters.h:4[m[K,
                 from [01m[K/home/dai/workspace/Dataset_Toolbox/src/panorama/include/backend/pose_graph_optimizer.h:3[m[K,
                 from [01m[K/home/dai/workspace/Dataset_Toolbox/src/panorama/include/frontend/ang_vel_estimator.h:3[m[K,
                 from [01m[K/home/dai/workspace/Dataset_Toolbox/src/panorama/include/panorama.h:10[m[K,
                 from [01m[K/home/dai/workspace/Dataset_Toolbox/src/panorama/src/panorama.cpp:1[m[K:
[01m[K/usr/include/eigen3/Eigen/src/Core/Matrix.h:206:33:[m[K [01;36m[Knote: [m[Kcandidate: ‘[01m[KEigen::Matrix<_Scalar, _Rows, _Cols, _Options, _MaxRows, _MaxCols>& Eigen::Matrix<_Scalar, _Rows, _Cols, _Options, _MaxRows, _MaxCols>::operator=(const Eigen::Matrix<_Scalar, _Rows, _Cols, _Options, _MaxRows, _MaxCols>&) [with _Scalar = double; int _Rows = 3; int _Cols = 3; int _Options = 0; int _MaxRows = 3; int _MaxCols = 3][m[K’
  206 |     EIGEN_STRONG_INLINE Matrix& [01;36m[Koperator[m[K=(const Matrix& other)
      |                                 [01;36m[K^~~~~~~~[m[K
[01m[K/usr/include/eigen3/Eigen/src/Core/Matrix.h:206:57:[m[K [01;36m[Knote: [m[K  no known conversion for argument 1 from ‘[01m[Kstd::vector<double>[m[K’ to ‘[01m[Kconst Eigen::Matrix<double, 3, 3>&[m[K’
  206 |     EIGEN_STRONG_INLINE Matrix& operator=([01;36m[Kconst Matrix& other[m[K)
      |                                           [01;36m[K~~~~~~~~~~~~~~^~~~~[m[K
[01m[K/usr/include/eigen3/Eigen/src/Core/Matrix.h:223:33:[m[K [01;36m[Knote: [m[Kcandidate: ‘[01m[Ktemplate<class OtherDerived> Eigen::Matrix<_Scalar, _Rows, _Cols, _Options, _MaxRows, _MaxCols>& Eigen::Matrix<_Scalar, _Rows, _Cols, _Options, _MaxRows, _MaxCols>::operator=(const Eigen::DenseBase<OtherDerived>&) [with OtherDerived = OtherDerived; _Scalar = double; int _Rows = 3; int _Cols = 3; int _Options = 0; int _MaxRows = 3; int _MaxCols = 3][m[K’
  223 |     EIGEN_STRONG_INLINE Matrix& [01;36m[Koperator[m[K=(const DenseBase<OtherDerived>& other)
      |                                 [01;36m[K^~~~~~~~[m[K
[01m[K/usr/include/eigen3/Eigen/src/Core/Matrix.h:223:33:[m[K [01;36m[Knote: [m[K  template argument deduction/substitution failed:
[01m[K/home/dai/workspace/Dataset_Toolbox/src/panorama/src/panorama.cpp:37:48:[m[K [01;36m[Knote: [m[K  ‘[01m[Kstd::vector<double>[m[K’ is not derived from ‘[01m[Kconst Eigen::DenseBase<Derived>[m[K’
   37 |         front_end_params_.image_opt.R_matrix = [01;36m[Kdefault_R_matrix[m[K;
      |                                                [01;36m[K^~~~~~~~~~~~~~~~[m[K
In file included from [01m[K/usr/include/eigen3/Eigen/Core:432[m[K,
                 from [01m[K/usr/include/eigen3/Eigen/Dense:1[m[K,
                 from [01m[K/home/dai/workspace/Dataset_Toolbox/src/panorama/include/utils/parameters.h:4[m[K,
                 from [01m[K/home/dai/workspace/Dataset_Toolbox/src/panorama/include/backend/pose_graph_optimizer.h:3[m[K,
                 from [01m[K/home/dai/workspace/Dataset_Toolbox/src/panorama/include/frontend/ang_vel_estimator.h:3[m[K,
                 from [01m[K/home/dai/workspace/Dataset_Toolbox/src/panorama/include/panorama.h:10[m[K,
                 from [01m[K/home/dai/workspace/Dataset_Toolbox/src/panorama/src/panorama.cpp:1[m[K:
[01m[K/usr/include/eigen3/Eigen/src/Core/Matrix.h:236:33:[m[K [01;36m[Knote: [m[Kcandidate: ‘[01m[Ktemplate<class OtherDerived> Eigen::Matrix<_Scalar, _Rows, _Cols, _Options, _MaxRows, _MaxCols>& Eigen::Matrix<_Scalar, _Rows, _Cols, _Options, _MaxRows, _MaxCols>::operator=(const Eigen::EigenBase<OtherDerived>&) [with OtherDerived = OtherDerived; _Scalar = double; int _Rows = 3; int _Cols = 3; int _Options = 0; int _MaxRows = 3; int _MaxCols = 3][m[K’
  236 |     EIGEN_STRONG_INLINE Matrix& [01;36m[Koperator[m[K=(const EigenBase<OtherDerived> &other)
      |                                 [01;36m[K^~~~~~~~[m[K
[01m[K/usr/include/eigen3/Eigen/src/Core/Matrix.h:236:33:[m[K [01;36m[Knote: [m[K  template argument deduction/substitution failed:
[01m[K/home/dai/workspace/Dataset_Toolbox/src/panorama/src/panorama.cpp:37:48:[m[K [01;36m[Knote: [m[K  ‘[01m[Kstd::vector<double>[m[K’ is not derived from ‘[01m[Kconst Eigen::EigenBase<Derived>[m[K’
   37 |         front_end_params_.image_opt.R_matrix = [01;36m[Kdefault_R_matrix[m[K;
      |                                                [01;36m[K^~~~~~~~~~~~~~~~[m[K
In file included from [01m[K/usr/include/eigen3/Eigen/Core:432[m[K,
                 from [01m[K/usr/include/eigen3/Eigen/Dense:1[m[K,
                 from [01m[K/home/dai/workspace/Dataset_Toolbox/src/panorama/include/utils/parameters.h:4[m[K,
                 from [01m[K/home/dai/workspace/Dataset_Toolbox/src/panorama/include/backend/pose_graph_optimizer.h:3[m[K,
                 from [01m[K/home/dai/workspace/Dataset_Toolbox/src/panorama/include/frontend/ang_vel_estimator.h:3[m[K,
                 from [01m[K/home/dai/workspace/Dataset_Toolbox/src/panorama/include/panorama.h:10[m[K,
                 from [01m[K/home/dai/workspace/Dataset_Toolbox/src/panorama/src/panorama.cpp:1[m[K:
[01m[K/usr/include/eigen3/Eigen/src/Core/Matrix.h:243:33:[m[K [01;36m[Knote: [m[Kcandidate: ‘[01m[Ktemplate<class OtherDerived> Eigen::Matrix<_Scalar, _Rows, _Cols, _Options, _MaxRows, _MaxCols>& Eigen::Matrix<_Scalar, _Rows, _Cols, _Options, _MaxRows, _MaxCols>::operator=(const Eigen::ReturnByValue<OtherDerived>&) [with OtherDerived = OtherDerived; _Scalar = double; int _Rows = 3; int _Cols = 3; int _Options = 0; int _MaxRows = 3; int _MaxCols = 3][m[K’
  243 |     EIGEN_STRONG_INLINE Matrix& [01;36m[Koperator[m[K=(const ReturnByValue<OtherDerived>& func)
      |                                 [01;36m[K^~~~~~~~[m[K
[01m[K/usr/include/eigen3/Eigen/src/Core/Matrix.h:243:33:[m[K [01;36m[Knote: [m[K  template argument deduction/substitution failed:
[01m[K/home/dai/workspace/Dataset_Toolbox/src/panorama/src/panorama.cpp:37:48:[m[K [01;36m[Knote: [m[K  ‘[01m[Kstd::vector<double>[m[K’ is not derived from ‘[01m[Kconst Eigen::ReturnByValue<Derived>[m[K’
   37 |         front_end_params_.image_opt.R_matrix = [01;36m[Kdefault_R_matrix[m[K;
      |                                                [01;36m[K^~~~~~~~~~~~~~~~[m[K
In file included from [01m[K/usr/include/eigen3/Eigen/Core:432[m[K,
                 from [01m[K/usr/include/eigen3/Eigen/Dense:1[m[K,
                 from [01m[K/home/dai/workspace/Dataset_Toolbox/src/panorama/include/utils/parameters.h:4[m[K,
                 from [01m[K/home/dai/workspace/Dataset_Toolbox/src/panorama/include/backend/pose_graph_optimizer.h:3[m[K,
                 from [01m[K/home/dai/workspace/Dataset_Toolbox/src/panorama/include/frontend/ang_vel_estimator.h:3[m[K,
                 from [01m[K/home/dai/workspace/Dataset_Toolbox/src/panorama/include/panorama.h:10[m[K,
                 from [01m[K/home/dai/workspace/Dataset_Toolbox/src/panorama/src/panorama.cpp:1[m[K:
[01m[K/usr/include/eigen3/Eigen/src/Core/Matrix.h:281:13:[m[K [01;36m[Knote: [m[Kcandidate: ‘[01m[KEigen::Matrix<_Scalar, _Rows, _Cols, _Options, _MaxRows, _MaxCols>& Eigen::Matrix<_Scalar, _Rows, _Cols, _Options, _MaxRows, _MaxCols>::operator=(Eigen::Matrix<_Scalar, _Rows, _Cols, _Options, _MaxRows, _MaxCols>&&) [with _Scalar = double; int _Rows = 3; int _Cols = 3; int _Options = 0; int _MaxRows = 3; int _MaxCols = 3][m[K’
  281 |     Matrix& [01;36m[Koperator[m[K=(Matrix&& other) EIGEN_NOEXCEPT_IF(std::is_nothrow_move_assignable<Scalar>::value)
      |             [01;36m[K^~~~~~~~[m[K
[01m[K/usr/include/eigen3/Eigen/src/Core/Matrix.h:281:32:[m[K [01;36m[Knote: [m[K  no known conversion for argument 1 from ‘[01m[Kstd::vector<double>[m[K’ to ‘[01m[KEigen::Matrix<double, 3, 3>&&[m[K’
  281 |     Matrix& operator=([01;36m[KMatrix&& other[m[K) EIGEN_NOEXCEPT_IF(std::is_nothrow_move_assignable<Scalar>::value)
      |                       [01;36m[K~~~~~~~~~^~~~~[m[K
[01m[K/usr/include/eigen3/Eigen/src/Core/Matrix.h:392:13:[m[K [01;36m[Knote: [m[Kcandidate: ‘[01m[Ktemplate<class OtherDerived> Eigen::Matrix<_Scalar, _Rows, _Cols, _Options, _MaxRows, _MaxCols>& Eigen::Matrix<_Scalar, _Rows, _Cols, _Options, _MaxRows, _MaxCols>::operator=(const Eigen::RotationBase<OtherDerived, Eigen::Matrix<_Scalar, _Rows, _Cols, _Options, _MaxRows, _MaxCols>::ColsAtCompileTime>&) [with OtherDerived = OtherDerived; _Scalar = double; int _Rows = 3; int _Cols = 3; int _Options = 0; int _MaxRows = 3; int _MaxCols = 3][m[K’
  392 |     Matrix& [01;36m[Koperator[m[K=(const RotationBase<OtherDerived,ColsAtCompileTime>& r);
      |             [01;36m[K^~~~~~~~[m[K
[01m[K/usr/include/eigen3/Eigen/src/Core/Matrix.h:392:13:[m[K [01;36m[Knote: [m[K  template argument deduction/substitution failed:
[01m[K/home/dai/workspace/Dataset_Toolbox/src/panorama/src/panorama.cpp:37:48:[m[K [01;36m[Knote: [m[K  ‘[01m[Kstd::vector<double>[m[K’ is not derived from ‘[01m[Kconst Eigen::RotationBase<Derived, 3>[m[K’
   37 |         front_end_params_.image_opt.R_matrix = [01;36m[Kdefault_R_matrix[m[K;
      |                                                [01;36m[K^~~~~~~~~~~~~~~~[m[K
[01m[K/home/dai/workspace/Dataset_Toolbox/src/panorama/src/frontend/ang_vel_estimator.cpp:88:17:[m[K [01;31m[Kerror: [m[K‘[01m[Kcenter[m[K’ was not declared in this scope
   88 |     px_mosaic = [01;31m[Kcenter[m[K + Eigen::Vector2d(-phi * panorama_width_ / (2.0 * pi), -theta * panorama_height_ / (pi*57.99/180));
      |                 [01;31m[K^~~~~~[m[K
[01m[K/home/dai/workspace/Dataset_Toolbox/src/panorama/src/panorama.cpp:[m[K In member function ‘[01m[Kvoid panorama::Panorama::eventsCallback(const ConstPtr&)[m[K’:
[01m[K/home/dai/workspace/Dataset_Toolbox/src/panorama/src/panorama.cpp:129:5:[m[K [01;31m[Kerror: [m[K‘[01m[KProcessedEventData[m[K’ was not declared in this scope
  129 |     [01;31m[KProcessedEventData[m[K result = ang_vel_estimator_->processEvent(*ev);
      |     [01;31m[K^~~~~~~~~~~~~~~~~~[m[K
[01m[K/home/dai/workspace/Dataset_Toolbox/src/panorama/src/panorama.cpp:132:28:[m[K [01;31m[Kerror: [m[K‘[01m[Kclass panorama::PoseGraphOptimizer[m[K’ has no member named ‘[01m[KaddProcessedData[m[K’
  132 |     pose_graph_optimizer_->[01;31m[KaddProcessedData[m[K(result);
      |                            [01;31m[K^~~~~~~~~~~~~~~~[m[K
[01m[K/home/dai/workspace/Dataset_Toolbox/src/panorama/src/panorama.cpp:132:45:[m[K [01;31m[Kerror: [m[K‘[01m[Kresult[m[K’ was not declared in this scope
  132 |     pose_graph_optimizer_->addProcessedData([01;31m[Kresult[m[K);
      |                                             [01;31m[K^~~~~~[m[K
[01m[K/home/dai/workspace/Dataset_Toolbox/src/panorama/src/frontend/ang_vel_estimator.cpp:88:49:[m[K [01;31m[Kerror: [m[K‘[01m[Kpanorama_width_[m[K’ was not declared in this scope
   88 |     px_mosaic = center + Eigen::Vector2d(-phi * [01;31m[Kpanorama_width_[m[K / (2.0 * pi), -theta * panorama_height_ / (pi*57.99/180));
      |                                                 [01;31m[K^~~~~~~~~~~~~~~[m[K
[01m[K/home/dai/workspace/Dataset_Toolbox/src/panorama/src/frontend/ang_vel_estimator.cpp:88:74:[m[K [01;31m[Kerror: [m[K‘[01m[Kpi[m[K’ was not declared in this scope; did you mean ‘[01m[Kphi[m[K’?
   88 |     px_mosaic = center + Eigen::Vector2d(-phi * panorama_width_ / (2.0 * [01;31m[Kpi[m[K), -theta * panorama_height_ / (pi*57.99/180));
      |                                                                          [01;31m[K^~[m[K
      |                                                                          [32m[Kphi[m[K
[01m[K/home/dai/workspace/Dataset_Toolbox/src/panorama/src/frontend/ang_vel_estimator.cpp:88:88:[m[K [01;31m[Kerror: [m[K‘[01m[Kpanorama_height_[m[K’ was not declared in this scope; did you mean ‘[01m[Kcam_height_[m[K’?
   88 |     px_mosaic = center + Eigen::Vector2d(-phi * panorama_width_ / (2.0 * pi), -theta * [01;31m[Kpanorama_height_[m[K / (pi*57.99/180));
      |                                                                                        [01;31m[K^~~~~~~~~~~~~~~~[m[K
      |                                                                                        [32m[Kcam_height_[m[K
[01m[K/home/dai/workspace/Dataset_Toolbox/src/panorama/src/frontend/ang_vel_estimator.cpp:90:22:[m[K [01;31m[Kerror: [m[Kreturn-statement with a value, in function returning ‘[01m[Kvoid[m[K’ [[01;31m[K-fpermissive[m[K]
   90 |     return {px_mosaic[01;31m[K}[m[K;
      |                      [01;31m[K^[m[K
[01m[K/home/dai/workspace/Dataset_Toolbox/src/panorama/src/frontend/ang_vel_estimator.cpp:[m[K At global scope:
[01m[K/home/dai/workspace/Dataset_Toolbox/src/panorama/src/frontend/ang_vel_estimator.cpp:127:6:[m[K [01;31m[Kerror: [m[Kno declaration matches ‘[01m[Kvoid panorama::AngVelEstimator::setRotationMatrix(const std::vector<double, std::allocator<double> >&)[m[K’
  127 | void [01;31m[KAngVelEstimator[m[K::setRotationMatrix(const std::vector<double>& R_matrix) {
      |      [01;31m[K^~~~~~~~~~~~~~~[m[K
[01m[K/home/dai/workspace/Dataset_Toolbox/src/panorama/src/frontend/ang_vel_estimator.cpp:127:6:[m[K [01;36m[Knote: [m[Kno functions named ‘[01m[Kvoid panorama::AngVelEstimator::setRotationMatrix(const std::vector<double, std::allocator<double> >&)[m[K’
In file included from [01m[K/home/dai/workspace/Dataset_Toolbox/src/panorama/include/backend/pose_graph_optimizer.h:2[m[K,
                 from [01m[K/home/dai/workspace/Dataset_Toolbox/src/panorama/src/frontend/ang_vel_estimator.cpp:1[m[K:
[01m[K/home/dai/workspace/Dataset_Toolbox/src/panorama/include/frontend/ang_vel_estimator.h:27:7:[m[K [01;36m[Knote: [m[K‘[01m[Kclass panorama::AngVelEstimator[m[K’ defined here
   27 | class [01;36m[KAngVelEstimator[m[K {
      |       [01;36m[K^~~~~~~~~~~~~~~[m[K
make[2]: *** [CMakeFiles/Panorama.dir/build.make:76: CMakeFiles/Panorama.dir/src/panorama.cpp.o] Error 1
make[2]: *** Waiting for unfinished jobs....
make[2]: *** [CMakeFiles/Panorama.dir/build.make:104: CMakeFiles/Panorama.dir/src/frontend/ang_vel_estimator.cpp.o] Error 1
make[1]: *** [CMakeFiles/Makefile2:1107: CMakeFiles/Panorama.dir/all] Error 2
make: *** [Makefile:146: all] Error 2
