[01m[Kcc1plus:[m[K [01;35m[Kwarning: [m[K/usr/local/cuda/lib64/libOpenCL.so: not a directory
[01m[Kcc1plus:[m[K [01;35m[Kwarning: [m[K/usr/local/cuda/lib64/libOpenCL.so: not a directory
[01m[Kcc1plus:[m[K [01;35m[Kwarning: [m[K/usr/local/cuda/lib64/libOpenCL.so: not a directory
[01m[Kcc1plus:[m[K [01;35m[Kwarning: [m[K/usr/local/cuda/lib64/libOpenCL.so: not a directory
[01m[K/home/dai/workspace/Dataset_Toolbox/src/panorama/src/backend/pose_graph_optimizer.cpp:[m[K In destructor ‘[01m[Kpanorama::PoseGraphOptimizer::~PoseGraphOptimizer()[m[K’:
[01m[K/home/dai/workspace/Dataset_Toolbox/src/panorama/src/backend/pose_graph_optimizer.cpp:19:5:[m[K [01;31m[Kerror: [m[K‘[01m[Kimage_pub_[m[K’ was not declared in this scope
   19 |     [01;31m[Kimage_pub_[m[K.shutdown();
      |     [01;31m[K^~~~~~~~~~[m[K
[01m[K/home/dai/workspace/Dataset_Toolbox/src/panorama/src/backend/pose_graph_optimizer.cpp:[m[K In member function ‘[01m[Kvoid panorama::PoseGraphOptimizer::WarpPano(const panorama::ProcessedEventData&)[m[K’:
[01m[K/home/dai/workspace/Dataset_Toolbox/src/panorama/src/backend/pose_graph_optimizer.cpp:64:71:[m[K [01;31m[Kerror: [m[K‘[01m[Kt0_p[m[K’ was not declared in this scope; did you mean ‘[01m[Kt0_p_[m[K’?
   64 |             show_count_pano(count_pano, max_val, ros::Time().fromNSec([01;31m[Kt0_p[m[K));
      |                                                                       [01;31m[K^~~~[m[K
      |                                                                       [32m[Kt0_p_[m[K
[01m[K/home/dai/workspace/Dataset_Toolbox/src/panorama/src/frontend/ang_vel_estimator.cpp:[m[K In member function ‘[01m[Kpanorama::ProcessedEventData panorama::AngVelEstimator::processEvent(const Event&)[m[K’:
[01m[K/home/dai/workspace/Dataset_Toolbox/src/panorama/src/frontend/ang_vel_estimator.cpp:82:44:[m[K [01;31m[Kerror: [m[K‘[01m[Kt0_p[m[K’ was not declared in this scope; did you mean ‘[01m[Kt0_p_[m[K’?
   82 |     float t_diff = double(ev.ts.toNSec() - [01;31m[Kt0_p[m[K) / 1000000000.0;
      |                                            [01;31m[K^~~~[m[K
      |                                            [32m[Kt0_p_[m[K
[01m[K/home/dai/workspace/Dataset_Toolbox/src/panorama/src/frontend/ang_vel_estimator.cpp:109:5:[m[K [01;31m[Kerror: [m[Kdesignator order for field ‘[01m[Kpanorama::ProcessedEventData::timestamp[m[K’ does not match declaration order in ‘[01m[Kpanorama::ProcessedEventData[m[K’
  109 |     [01;31m[K}[m[K
      |     [01;31m[K^[m[K
[01m[K/home/dai/workspace/Dataset_Toolbox/src/panorama/src/frontend/ang_vel_estimator.cpp:109:6:[m[K [01;31m[Kerror: [m[Kexpected ‘[01m[K;[m[K’ before ‘[01m[K}[m[K’ token
  109 |     }
      |      [01;31m[K^[m[K
      |      [32m[K;[m[K
......
  112 | [32m[K}[m[K
      | [32m[K~[m[K     
make[2]: *** [CMakeFiles/Panorama.dir/build.make:118: CMakeFiles/Panorama.dir/src/backend/pose_graph_optimizer.cpp.o] Error 1
make[2]: *** Waiting for unfinished jobs....
make[2]: *** [CMakeFiles/Panorama.dir/build.make:104: CMakeFiles/Panorama.dir/src/frontend/ang_vel_estimator.cpp.o] Error 1
make[1]: *** [CMakeFiles/Makefile2:1107: CMakeFiles/Panorama.dir/all] Error 2
make: *** [Makefile:146: all] Error 2
