[  0%] Built target geometry_msgs_generate_messages_py
[  0%] Built target rosgraph_msgs_generate_messages_eus
[  0%] Built target roscpp_generate_messages_py
[  0%] Built target std_msgs_generate_messages_cpp
[  0%] Built target roscpp_generate_messages_eus
[  0%] Built target roscpp_generate_messages_lisp
[  0%] Built target std_msgs_generate_messages_py
[  0%] Built target roscpp_generate_messages_cpp
[  0%] Built target roscpp_generate_messages_nodejs
[  0%] Built target rosgraph_msgs_generate_messages_lisp
[  0%] Built target rosgraph_msgs_generate_messages_nodejs
[  0%] Built target rosgraph_msgs_generate_messages_py
[  0%] Built target rosgraph_msgs_generate_messages_cpp
[  0%] Built target std_msgs_generate_messages_eus
[  0%] Built target std_msgs_generate_messages_nodejs
[  0%] Built target std_msgs_generate_messages_lisp
[  0%] Built target dvs_msgs_generate_messages_cpp
[  0%] Built target dvs_msgs_generate_messages_lisp
[  0%] Built target dvs_msgs_generate_messages_eus
[  0%] Built target dvs_msgs_generate_messages_nodejs
[  0%] Built target dvs_msgs_generate_messages_py
[  0%] Built target sensor_msgs_generate_messages_eus
[  0%] Built target sensor_msgs_generate_messages_cpp
[  0%] Built target sensor_msgs_generate_messages_nodejs
[  0%] Built target sensor_msgs_generate_messages_lisp
[  0%] Built target sensor_msgs_generate_messages_py
[  0%] Built target geometry_msgs_generate_messages_eus
[  0%] Built target geometry_msgs_generate_messages_cpp
[  0%] Built target geometry_msgs_generate_messages_lisp
[  0%] Built target geometry_msgs_generate_messages_nodejs
[ 20%] [32mBuilding CXX object CMakeFiles/Panorama.dir/src/panorama.cpp.o[0m
[ 60%] [32mBuilding CXX object CMakeFiles/Panorama.dir/src/frontend/ang_vel_estimator.cpp.o[0m
[ 60%] [32mBuilding CXX object CMakeFiles/Panorama.dir/src/node.cpp.o[0m
[ 80%] [32mBuilding CXX object CMakeFiles/Panorama.dir/src/backend/pose_graph_optimizer.cpp.o[0m
[01m[Kcc1plus:[m[K [01;35m[Kwarning: [m[K/usr/local/cuda/lib64/libOpenCL.so: not a directory
[01m[Kcc1plus:[m[K [01;35m[Kwarning: [m[K/usr/local/cuda/lib64/libOpenCL.so: not a directory
[01m[Kcc1plus:[m[K [01;35m[Kwarning: [m[K/usr/local/cuda/lib64/libOpenCL.so: not a directory
[01m[Kcc1plus:[m[K [01;35m[Kwarning: [m[K/usr/local/cuda/lib64/libOpenCL.so: not a directory
In file included from [01m[K/home/dai/workspace/Dataset_Toolbox/src/panorama/include/backend/pose_graph_optimizer.h:2[m[K,
                 from [01m[K/home/dai/workspace/Dataset_Toolbox/src/panorama/src/backend/pose_graph_optimizer.cpp:2[m[K:
[01m[K/home/dai/workspace/Dataset_Toolbox/src/panorama/include/frontend/ang_vel_estimator.h:54:5:[m[K [01;31m[Kerror: [m[K‘[01m[Ksll[m[K’ does not name a type; did you mean ‘[01m[Kffsll[m[K’?
   54 |     [01;31m[Ksll[m[K t0_p_;
      |     [01;31m[K^~~[m[K
      |     [32m[Kffsll[m[K
[01m[K/home/dai/workspace/Dataset_Toolbox/src/panorama/include/frontend/ang_vel_estimator.h:[m[K In member function ‘[01m[Kvoid panorama::AngVelEstimator::setInitialTimestamp(const ros::Time&)[m[K’:
[01m[K/home/dai/workspace/Dataset_Toolbox/src/panorama/include/frontend/ang_vel_estimator.h:40:53:[m[K [01;31m[Kerror: [m[K‘[01m[Kt0_p_[m[K’ was not declared in this scope
   40 |     void setInitialTimestamp(const ros::Time& t0) { [01;31m[Kt0_p_[m[K = t0; }
      |                                                     [01;31m[K^~~~~[m[K
In file included from [01m[K/home/dai/workspace/Dataset_Toolbox/src/panorama/src/backend/pose_graph_optimizer.cpp:2[m[K:
[01m[K/home/dai/workspace/Dataset_Toolbox/src/panorama/include/backend/pose_graph_optimizer.h:[m[K At global scope:
[01m[K/home/dai/workspace/Dataset_Toolbox/src/panorama/include/backend/pose_graph_optimizer.h:60:5:[m[K [01;31m[Kerror: [m[K‘[01m[Ksll[m[K’ does not name a type; did you mean ‘[01m[Kffsll[m[K’?
   60 |     [01;31m[Ksll[m[K t0_p_;
      |     [01;31m[K^~~[m[K
      |     [32m[Kffsll[m[K
[01m[K/home/dai/workspace/Dataset_Toolbox/src/panorama/include/backend/pose_graph_optimizer.h:[m[K In member function ‘[01m[Kvoid panorama::PoseGraphOptimizer::setInitialTimestamp(const ros::Time&)[m[K’:
[01m[K/home/dai/workspace/Dataset_Toolbox/src/panorama/include/backend/pose_graph_optimizer.h:41:53:[m[K [01;31m[Kerror: [m[K‘[01m[Kt0_p_[m[K’ was not declared in this scope
   41 |     void setInitialTimestamp(const ros::Time& t0) { [01;31m[Kt0_p_[m[K = t0; }
      |                                                     [01;31m[K^~~~~[m[K
[01m[K/home/dai/workspace/Dataset_Toolbox/src/panorama/src/backend/pose_graph_optimizer.cpp:[m[K In member function ‘[01m[Kvoid panorama::PoseGraphOptimizer::WarpPano(const panorama::ProcessedEventData&)[m[K’:
[01m[K/home/dai/workspace/Dataset_Toolbox/src/panorama/src/backend/pose_graph_optimizer.cpp:65:71:[m[K [01;31m[Kerror: [m[K‘[01m[Kt0_p_[m[K’ was not declared in this scope
   65 |             show_count_pano(count_pano, max_val, ros::Time().fromNSec([01;31m[Kt0_p_[m[K));
      |                                                                       [01;31m[K^~~~~[m[K
In file included from [01m[K/home/dai/workspace/Dataset_Toolbox/src/panorama/include/frontend/ang_vel_estimator.h:3[m[K,
                 from [01m[K/home/dai/workspace/Dataset_Toolbox/src/panorama/include/panorama.h:10[m[K,
                 from [01m[K/home/dai/workspace/Dataset_Toolbox/src/panorama/src/node.cpp:5[m[K:
[01m[K/home/dai/workspace/Dataset_Toolbox/src/panorama/include/backend/pose_graph_optimizer.h:60:5:[m[K [01;31m[Kerror: [m[K‘[01m[Ksll[m[K’ does not name a type; did you mean ‘[01m[Kffsll[m[K’?
   60 |     [01;31m[Ksll[m[K t0_p_;
      |     [01;31m[K^~~[m[K
      |     [32m[Kffsll[m[K
[01m[K/home/dai/workspace/Dataset_Toolbox/src/panorama/include/backend/pose_graph_optimizer.h:[m[K In member function ‘[01m[Kvoid panorama::PoseGraphOptimizer::setInitialTimestamp(const ros::Time&)[m[K’:
[01m[K/home/dai/workspace/Dataset_Toolbox/src/panorama/include/backend/pose_graph_optimizer.h:41:53:[m[K [01;31m[Kerror: [m[K‘[01m[Kt0_p_[m[K’ was not declared in this scope
   41 |     void setInitialTimestamp(const ros::Time& t0) { [01;31m[Kt0_p_[m[K = t0; }
      |                                                     [01;31m[K^~~~~[m[K
In file included from [01m[K/home/dai/workspace/Dataset_Toolbox/src/panorama/include/frontend/ang_vel_estimator.h:3[m[K,
                 from [01m[K/home/dai/workspace/Dataset_Toolbox/src/panorama/include/panorama.h:10[m[K,
                 from [01m[K/home/dai/workspace/Dataset_Toolbox/src/panorama/src/panorama.cpp:1[m[K:
[01m[K/home/dai/workspace/Dataset_Toolbox/src/panorama/include/backend/pose_graph_optimizer.h:60:5:[m[K [01;31m[Kerror: [m[K‘[01m[Ksll[m[K’ does not name a type; did you mean ‘[01m[Kffsll[m[K’?
   60 |     [01;31m[Ksll[m[K t0_p_;
      |     [01;31m[K^~~[m[K
      |     [32m[Kffsll[m[K
In file included from [01m[K/home/dai/workspace/Dataset_Toolbox/src/panorama/include/panorama.h:10[m[K,
                 from [01m[K/home/dai/workspace/Dataset_Toolbox/src/panorama/src/node.cpp:5[m[K:
[01m[K/home/dai/workspace/Dataset_Toolbox/src/panorama/include/frontend/ang_vel_estimator.h:[m[K At global scope:
[01m[K/home/dai/workspace/Dataset_Toolbox/src/panorama/include/frontend/ang_vel_estimator.h:54:5:[m[K [01;31m[Kerror: [m[K‘[01m[Ksll[m[K’ does not name a type; did you mean ‘[01m[Kffsll[m[K’?
   54 |     [01;31m[Ksll[m[K t0_p_;
      |     [01;31m[K^~~[m[K
      |     [32m[Kffsll[m[K
[01m[K/home/dai/workspace/Dataset_Toolbox/src/panorama/include/backend/pose_graph_optimizer.h:[m[K In member function ‘[01m[Kvoid panorama::PoseGraphOptimizer::setInitialTimestamp(const ros::Time&)[m[K’:
[01m[K/home/dai/workspace/Dataset_Toolbox/src/panorama/include/backend/pose_graph_optimizer.h:41:53:[m[K [01;31m[Kerror: [m[K‘[01m[Kt0_p_[m[K’ was not declared in this scope
   41 |     void setInitialTimestamp(const ros::Time& t0) { [01;31m[Kt0_p_[m[K = t0; }
      |                                                     [01;31m[K^~~~~[m[K
In file included from [01m[K/home/dai/workspace/Dataset_Toolbox/src/panorama/include/panorama.h:10[m[K,
                 from [01m[K/home/dai/workspace/Dataset_Toolbox/src/panorama/src/panorama.cpp:1[m[K:
[01m[K/home/dai/workspace/Dataset_Toolbox/src/panorama/include/frontend/ang_vel_estimator.h:[m[K At global scope:
[01m[K/home/dai/workspace/Dataset_Toolbox/src/panorama/include/frontend/ang_vel_estimator.h:54:5:[m[K [01;31m[Kerror: [m[K‘[01m[Ksll[m[K’ does not name a type; did you mean ‘[01m[Kffsll[m[K’?
   54 |     [01;31m[Ksll[m[K t0_p_;
      |     [01;31m[K^~~[m[K
      |     [32m[Kffsll[m[K
In file included from [01m[K/home/dai/workspace/Dataset_Toolbox/src/panorama/include/backend/pose_graph_optimizer.h:2[m[K,
                 from [01m[K/home/dai/workspace/Dataset_Toolbox/src/panorama/src/frontend/ang_vel_estimator.cpp:3[m[K:
[01m[K/home/dai/workspace/Dataset_Toolbox/src/panorama/include/frontend/ang_vel_estimator.h:54:5:[m[K [01;31m[Kerror: [m[K‘[01m[Ksll[m[K’ does not name a type; did you mean ‘[01m[Kffsll[m[K’?
   54 |     [01;31m[Ksll[m[K t0_p_;
      |     [01;31m[K^~~[m[K
      |     [32m[Kffsll[m[K
[01m[K/home/dai/workspace/Dataset_Toolbox/src/panorama/include/frontend/ang_vel_estimator.h:[m[K In member function ‘[01m[Kvoid panorama::AngVelEstimator::setInitialTimestamp(const ros::Time&)[m[K’:
[01m[K/home/dai/workspace/Dataset_Toolbox/src/panorama/include/frontend/ang_vel_estimator.h:40:53:[m[K [01;31m[Kerror: [m[K‘[01m[Kt0_p_[m[K’ was not declared in this scope
   40 |     void setInitialTimestamp(const ros::Time& t0) { [01;31m[Kt0_p_[m[K = t0; }
      |                                                     [01;31m[K^~~~~[m[K
In file included from [01m[K/home/dai/workspace/Dataset_Toolbox/src/panorama/src/node.cpp:5[m[K:
[01m[K/home/dai/workspace/Dataset_Toolbox/src/panorama/include/panorama.h:[m[K At global scope:
[01m[K/home/dai/workspace/Dataset_Toolbox/src/panorama/include/panorama.h:39:5:[m[K [01;31m[Kerror: [m[K‘[01m[Ksll[m[K’ does not name a type; did you mean ‘[01m[Kffsll[m[K’?
   39 |     [01;31m[Ksll[m[K t0_p_;
      |     [01;31m[K^~~[m[K
      |     [32m[Kffsll[m[K
[01m[K/home/dai/workspace/Dataset_Toolbox/src/panorama/include/frontend/ang_vel_estimator.h:[m[K In member function ‘[01m[Kvoid panorama::AngVelEstimator::setInitialTimestamp(const ros::Time&)[m[K’:
[01m[K/home/dai/workspace/Dataset_Toolbox/src/panorama/include/frontend/ang_vel_estimator.h:40:53:[m[K [01;31m[Kerror: [m[K‘[01m[Kt0_p_[m[K’ was not declared in this scope
   40 |     void setInitialTimestamp(const ros::Time& t0) { [01;31m[Kt0_p_[m[K = t0; }
      |                                                     [01;31m[K^~~~~[m[K
In file included from [01m[K/home/dai/workspace/Dataset_Toolbox/src/panorama/src/panorama.cpp:1[m[K:
[01m[K/home/dai/workspace/Dataset_Toolbox/src/panorama/include/panorama.h:[m[K At global scope:
[01m[K/home/dai/workspace/Dataset_Toolbox/src/panorama/include/panorama.h:39:5:[m[K [01;31m[Kerror: [m[K‘[01m[Ksll[m[K’ does not name a type; did you mean ‘[01m[Kffsll[m[K’?
   39 |     [01;31m[Ksll[m[K t0_p_;
      |     [01;31m[K^~~[m[K
      |     [32m[Kffsll[m[K
[01m[K/home/dai/workspace/Dataset_Toolbox/src/panorama/include/frontend/ang_vel_estimator.h:[m[K In member function ‘[01m[Kvoid panorama::AngVelEstimator::setInitialTimestamp(const ros::Time&)[m[K’:
[01m[K/home/dai/workspace/Dataset_Toolbox/src/panorama/include/frontend/ang_vel_estimator.h:40:53:[m[K [01;31m[Kerror: [m[K‘[01m[Kt0_p_[m[K’ was not declared in this scope
   40 |     void setInitialTimestamp(const ros::Time& t0) { [01;31m[Kt0_p_[m[K = t0; }
      |                                                     [01;31m[K^~~~~[m[K
In file included from [01m[K/home/dai/workspace/Dataset_Toolbox/src/panorama/src/frontend/ang_vel_estimator.cpp:3[m[K:
[01m[K/home/dai/workspace/Dataset_Toolbox/src/panorama/include/backend/pose_graph_optimizer.h:[m[K At global scope:
[01m[K/home/dai/workspace/Dataset_Toolbox/src/panorama/include/backend/pose_graph_optimizer.h:60:5:[m[K [01;31m[Kerror: [m[K‘[01m[Ksll[m[K’ does not name a type; did you mean ‘[01m[Kffsll[m[K’?
   60 |     [01;31m[Ksll[m[K t0_p_;
      |     [01;31m[K^~~[m[K
      |     [32m[Kffsll[m[K
[01m[K/home/dai/workspace/Dataset_Toolbox/src/panorama/include/backend/pose_graph_optimizer.h:[m[K In member function ‘[01m[Kvoid panorama::PoseGraphOptimizer::setInitialTimestamp(const ros::Time&)[m[K’:
[01m[K/home/dai/workspace/Dataset_Toolbox/src/panorama/include/backend/pose_graph_optimizer.h:41:53:[m[K [01;31m[Kerror: [m[K‘[01m[Kt0_p_[m[K’ was not declared in this scope
   41 |     void setInitialTimestamp(const ros::Time& t0) { [01;31m[Kt0_p_[m[K = t0; }
      |                                                     [01;31m[K^~~~~[m[K
[01m[K/home/dai/workspace/Dataset_Toolbox/src/panorama/src/panorama.cpp:[m[K In member function ‘[01m[Kvoid panorama::Panorama::eventsCallback(const ConstPtr&)[m[K’:
[01m[K/home/dai/workspace/Dataset_Toolbox/src/panorama/src/panorama.cpp:130:9:[m[K [01;31m[Kerror: [m[K‘[01m[Kt0_p_[m[K’ was not declared in this scope
  130 |         [01;31m[Kt0_p_[m[K = msg->events[0].ts.toNSec();  // 使用第一个事件的时间戳
      |         [01;31m[K^~~~~[m[K
[01m[K/home/dai/workspace/Dataset_Toolbox/src/panorama/src/frontend/ang_vel_estimator.cpp:[m[K In member function ‘[01m[Kpanorama::ProcessedEventData panorama::AngVelEstimator::processEvent(const Event&)[m[K’:
[01m[K/home/dai/workspace/Dataset_Toolbox/src/panorama/src/frontend/ang_vel_estimator.cpp:82:44:[m[K [01;31m[Kerror: [m[K‘[01m[Kt0_p_[m[K’ was not declared in this scope
   82 |     float t_diff = double(ev.ts.toNSec() - [01;31m[Kt0_p_[m[K) / 1000000000.0;
      |                                            [01;31m[K^~~~~[m[K
[01m[K/home/dai/workspace/Dataset_Toolbox/src/panorama/src/frontend/ang_vel_estimator.cpp:109:5:[m[K [01;31m[Kerror: [m[Kdesignator order for field ‘[01m[Kpanorama::ProcessedEventData::timestamp[m[K’ does not match declaration order in ‘[01m[Kpanorama::ProcessedEventData[m[K’
  109 |     [01;31m[K}[m[K;
      |     [01;31m[K^[m[K
make[2]: *** [CMakeFiles/Panorama.dir/build.make:118: CMakeFiles/Panorama.dir/src/backend/pose_graph_optimizer.cpp.o] Error 1
make[2]: *** Waiting for unfinished jobs....
make[2]: *** [CMakeFiles/Panorama.dir/build.make:90: CMakeFiles/Panorama.dir/src/node.cpp.o] Error 1
make[2]: *** [CMakeFiles/Panorama.dir/build.make:76: CMakeFiles/Panorama.dir/src/panorama.cpp.o] Error 1
make[2]: *** [CMakeFiles/Panorama.dir/build.make:104: CMakeFiles/Panorama.dir/src/frontend/ang_vel_estimator.cpp.o] Error 1
make[1]: *** [CMakeFiles/Makefile2:1107: CMakeFiles/Panorama.dir/all] Error 2
make: *** [Makefile:146: all] Error 2
