[01m[Kcc1plus:[m[K [01;35m[Kwarning: [m[K/usr/local/cuda/lib64/libOpenCL.so: not a directory
[01m[Kcc1plus:[m[K [01;35m[Kwarning: [m[K/usr/local/cuda/lib64/libOpenCL.so: not a directory
[01m[Kcc1plus:[m[K [01;35m[Kwarning: [m[K/usr/local/cuda/lib64/libOpenCL.so: not a directory
[01m[Kcc1plus:[m[K [01;35m[Kwarning: [m[K/usr/local/cuda/lib64/libOpenCL.so: not a directory
In file included from [01m[K/home/dai/workspace/Dataset_Toolbox/src/panorama/include/frontend/ang_vel_estimator.h:4[m[K,
                 from [01m[K/home/dai/workspace/Dataset_Toolbox/src/panorama/include/backend/pose_graph_optimizer.h:2[m[K,
                 from [01m[K/home/dai/workspace/Dataset_Toolbox/src/panorama/src/backend/pose_graph_optimizer.cpp:2[m[K:
[01m[K/home/dai/workspace/Dataset_Toolbox/src/panorama/include/utils/parameters.h:118:5:[m[K [01;31m[Kerror: [m[K‘[01m[Kros[m[K’ does not name a type; did you mean ‘[01m[Kcos[m[K’?
  118 |     [01;31m[Kros[m[K::Time timestamp;      // 事件时间戳
      |     [01;31m[K^~~[m[K
      |     [32m[Kcos[m[K
In file included from [01m[K/home/dai/workspace/Dataset_Toolbox/src/panorama/include/frontend/ang_vel_estimator.h:4[m[K,
                 from [01m[K/home/dai/workspace/Dataset_Toolbox/src/panorama/include/backend/pose_graph_optimizer.h:2[m[K,
                 from [01m[K/home/dai/workspace/Dataset_Toolbox/src/panorama/src/frontend/ang_vel_estimator.cpp:1[m[K:
[01m[K/home/dai/workspace/Dataset_Toolbox/src/panorama/include/utils/parameters.h:118:5:[m[K [01;31m[Kerror: [m[K‘[01m[Kros[m[K’ does not name a type; did you mean ‘[01m[Kcos[m[K’?
  118 |     [01;31m[Kros[m[K::Time timestamp;      // 事件时间戳
      |     [01;31m[K^~~[m[K
      |     [32m[Kcos[m[K
[01m[K/home/dai/workspace/Dataset_Toolbox/src/panorama/src/backend/pose_graph_optimizer.cpp:58:6:[m[K [01;31m[Kerror: [m[Kno declaration matches ‘[01m[Kvoid panorama::PoseGraphOptimizer::WarpPano(const panorama::ProcessedEventData&)[m[K’
   58 | void [01;31m[KPoseGraphOptimizer[m[K::WarpPano(const ProcessedEventData& data)
      |      [01;31m[K^~~~~~~~~~~~~~~~~~[m[K
[01m[K/home/dai/workspace/Dataset_Toolbox/src/panorama/src/backend/pose_graph_optimizer.cpp:58:6:[m[K [01;36m[Knote: [m[Kno functions named ‘[01m[Kvoid panorama::PoseGraphOptimizer::WarpPano(const panorama::ProcessedEventData&)[m[K’
In file included from [01m[K/home/dai/workspace/Dataset_Toolbox/src/panorama/src/backend/pose_graph_optimizer.cpp:2[m[K:
[01m[K/home/dai/workspace/Dataset_Toolbox/src/panorama/include/backend/pose_graph_optimizer.h:28:7:[m[K [01;36m[Knote: [m[K‘[01m[Kclass panorama::PoseGraphOptimizer[m[K’ defined here
   28 | class [01;36m[KPoseGraphOptimizer[m[K {
      |       [01;36m[K^~~~~~~~~~~~~~~~~~[m[K
[01m[K/home/dai/workspace/Dataset_Toolbox/src/panorama/src/backend/pose_graph_optimizer.cpp:93:6:[m[K [01;31m[Kerror: [m[Kno declaration matches ‘[01m[Kvoid panorama::PoseGraphOptimizer::show_count_pano(cv::Mat&, double&, ros::Time)[m[K’
   93 | void [01;31m[KPoseGraphOptimizer[m[K::show_count_pano(cv::Mat& count_image, double& max_count, ros::Time timestamp) {
      |      [01;31m[K^~~~~~~~~~~~~~~~~~[m[K
[01m[K/home/dai/workspace/Dataset_Toolbox/src/panorama/src/backend/pose_graph_optimizer.cpp:93:6:[m[K [01;36m[Knote: [m[Kno functions named ‘[01m[Kvoid panorama::PoseGraphOptimizer::show_count_pano(cv::Mat&, double&, ros::Time)[m[K’
In file included from [01m[K/home/dai/workspace/Dataset_Toolbox/src/panorama/src/backend/pose_graph_optimizer.cpp:2[m[K:
[01m[K/home/dai/workspace/Dataset_Toolbox/src/panorama/include/backend/pose_graph_optimizer.h:28:7:[m[K [01;36m[Knote: [m[K‘[01m[Kclass panorama::PoseGraphOptimizer[m[K’ defined here
   28 | class [01;36m[KPoseGraphOptimizer[m[K {
      |       [01;36m[K^~~~~~~~~~~~~~~~~~[m[K
[01m[K/home/dai/workspace/Dataset_Toolbox/src/panorama/src/frontend/ang_vel_estimator.cpp:[m[K In member function ‘[01m[Kpanorama::ProcessedEventData panorama::AngVelEstimator::processEvent(const Event&)[m[K’:
[01m[K/home/dai/workspace/Dataset_Toolbox/src/panorama/src/frontend/ang_vel_estimator.cpp:77:36:[m[K [01;31m[Kerror: [m[K‘[01m[Kt_diff[m[K’ was not declared in this scope
   77 |     double cos_term = cos(2 * pi * [01;31m[Kt_diff[m[K);
      |                                    [01;31m[K^~~~~~[m[K
[01m[K/home/dai/workspace/Dataset_Toolbox/src/panorama/src/frontend/ang_vel_estimator.cpp:96:17:[m[K [01;31m[Kerror: [m[K‘[01m[Kcenter[m[K’ was not declared in this scope
   96 |     px_mosaic = [01;31m[Kcenter[m[K + Eigen::Vector2d(-phi * params.image_opt.panorama_width / (2.0 * pi), -theta * params.image_opt.panorama_height / (pi*57.99/180));
      |                 [01;31m[K^~~~~~[m[K
[01m[K/home/dai/workspace/Dataset_Toolbox/src/panorama/src/frontend/ang_vel_estimator.cpp:98:26:[m[K [01;31m[Kerror: [m[K‘[01m[Kconst Event[m[K’ {aka ‘[01m[Kconst struct dvs_msgs::Event_<std::allocator<void> >[m[K’} has no member named ‘[01m[Ktimestamp[m[K’
   98 |     return {px_mosaic,ev.[01;31m[Ktimestamp[m[K};
      |                          [01;31m[K^~~~~~~~~[m[K
[01m[K/home/dai/workspace/Dataset_Toolbox/src/panorama/src/frontend/ang_vel_estimator.cpp:98:35:[m[K [01;31m[Kerror: [m[Kcould not convert ‘[01m[K{px_mosaic, <expression error>}[m[K’ from ‘[01m[K<brace-enclosed initializer list>[m[K’ to ‘[01m[Kpanorama::ProcessedEventData[m[K’
   98 |     return {px_mosaic,ev.timestamp[01;31m[K}[m[K;
      |                                   [01;31m[K^[m[K
      |                                   [01;31m[K|[m[K
      |                                   [01;31m[K<brace-enclosed initializer list>[m[K
make[2]: *** [CMakeFiles/Panorama.dir/build.make:118: CMakeFiles/Panorama.dir/src/backend/pose_graph_optimizer.cpp.o] Error 1
make[2]: *** Waiting for unfinished jobs....
make[2]: *** [CMakeFiles/Panorama.dir/build.make:104: CMakeFiles/Panorama.dir/src/frontend/ang_vel_estimator.cpp.o] Error 1
make[1]: *** [CMakeFiles/Makefile2:1107: CMakeFiles/Panorama.dir/all] Error 2
make: *** [Makefile:146: all] Error 2
