[  0%] Built target bond_generate_messages_py
[  0%] Built target roscpp_generate_messages_cpp
[  0%] Built target roscpp_generate_messages_eus
[  0%] Built target roscpp_generate_messages_lisp
[  0%] Built target roscpp_generate_messages_nodejs
[  0%] Built target roscpp_generate_messages_py
[  0%] Built target rosgraph_msgs_generate_messages_cpp
[  0%] Built target rosgraph_msgs_generate_messages_eus
[  0%] Built target rosgraph_msgs_generate_messages_lisp
[  0%] Built target rosgraph_msgs_generate_messages_nodejs
[  0%] Built target rosgraph_msgs_generate_messages_py
[  0%] Built target std_msgs_generate_messages_cpp
[  0%] Built target std_msgs_generate_messages_eus
[  0%] Built target std_msgs_generate_messages_lisp
[  0%] Built target std_msgs_generate_messages_nodejs
[  0%] Built target std_msgs_generate_messages_py
[  0%] Built target sensor_msgs_generate_messages_cpp
[  0%] Built target sensor_msgs_generate_messages_eus
[  0%] Built target sensor_msgs_generate_messages_lisp
[  0%] Built target sensor_msgs_generate_messages_nodejs
[  0%] Built target sensor_msgs_generate_messages_py
[  0%] Built target geometry_msgs_generate_messages_cpp
[  0%] Built target geometry_msgs_generate_messages_eus
[  0%] Built target geometry_msgs_generate_messages_lisp
[  0%] Built target geometry_msgs_generate_messages_nodejs
[  0%] Built target geometry_msgs_generate_messages_py
[  0%] Built target dvs_msgs_generate_messages_cpp
[  0%] Built target dvs_msgs_generate_messages_eus
[  0%] Built target dvs_msgs_generate_messages_lisp
[  0%] Built target dvs_msgs_generate_messages_nodejs
[  0%] Built target dvs_msgs_generate_messages_py
[  0%] Built target nodelet_generate_messages_cpp
[  0%] Built target nodelet_generate_messages_eus
[  0%] Built target nodelet_generate_messages_lisp
[  0%] Built target nodelet_generate_messages_nodejs
[  0%] Built target nodelet_generate_messages_py
[  0%] Built target bond_generate_messages_cpp
[  0%] Built target bond_generate_messages_eus
[  0%] Built target bond_generate_messages_lisp
[  0%] Built target bond_generate_messages_nodejs
[ 12%] [32mBuilding CXX object CMakeFiles/dvs_renderer.dir/src/image_tracking.cpp.o[0m
[ 25%] [32mBuilding CXX object CMakeFiles/dvs_renderer.dir/src/renderer.cpp.o[0m
[ 37%] [32mBuilding CXX object CMakeFiles/dvs_renderer.dir/src/renderer_node.cpp.o[0m
[ 50%] [32mBuilding CXX object CMakeFiles/dvs_renderer_nodelet.dir/src/image_tracking.cpp.o[0m
[ 62%] [32mBuilding CXX object CMakeFiles/dvs_renderer_nodelet.dir/src/renderer_nodelet.cpp.o[0m
[ 75%] [32mBuilding CXX object CMakeFiles/dvs_renderer_nodelet.dir/src/renderer.cpp.o[0m
[ 87%] [32m[1mLinking CXX executable /home/dai/workspace/Dataset_Toolbox/devel/.private/dvs_renderer/lib/dvs_renderer/dvs_renderer[0m
[ 87%] Built target dvs_renderer
[100%] [32m[1mLinking CXX shared library /home/dai/workspace/Dataset_Toolbox/devel/.private/dvs_renderer/lib/libdvs_renderer_nodelet.so[0m
[100%] Built target dvs_renderer_nodelet
