[  0%] Built target dvs_msgs_generate_messages_py
[  0%] Built target roscpp_generate_messages_cpp
[  0%] Built target roscpp_generate_messages_eus
[  0%] Built target roscpp_generate_messages_lisp
[  0%] Built target roscpp_generate_messages_nodejs
[  0%] Built target roscpp_generate_messages_py
[  0%] Built target rosgraph_msgs_generate_messages_cpp
[  0%] Built target rosgraph_msgs_generate_messages_eus
[  0%] Built target rosgraph_msgs_generate_messages_lisp
[  0%] Built target rosgraph_msgs_generate_messages_nodejs
[  0%] Built target rosgraph_msgs_generate_messages_py
[  0%] Built target std_msgs_generate_messages_cpp
[  0%] Built target std_msgs_generate_messages_nodejs
[  0%] Built target std_msgs_generate_messages_lisp
[  0%] Built target std_msgs_generate_messages_eus
[  0%] Built target std_msgs_generate_messages_py
[  0%] Built target sensor_msgs_generate_messages_cpp
[  0%] Built target sensor_msgs_generate_messages_eus
[  0%] Built target sensor_msgs_generate_messages_nodejs
[  0%] Built target sensor_msgs_generate_messages_lisp
[  0%] Built target geometry_msgs_generate_messages_eus
[  0%] Built target sensor_msgs_generate_messages_py
[  0%] Built target geometry_msgs_generate_messages_cpp
[  0%] Built target geometry_msgs_generate_messages_lisp
[  0%] Built target geometry_msgs_generate_messages_nodejs
[  0%] Built target geometry_msgs_generate_messages_py
[  0%] Built target dvs_msgs_generate_messages_eus
[  0%] Built target dvs_msgs_generate_messages_cpp
[  0%] Built target dvs_msgs_generate_messages_lisp
[  0%] Built target dvs_msgs_generate_messages_nodejs
[ 14%] [32mBuilding CXX object CMakeFiles/stereo.dir/src/stereo_node.cpp.o[0m
[ 14%] [32mBuilding CXX object CMakeFiles/camera_dvs.dir/src/camera_dvs_node.cpp.o[0m
[ 14%] [32mBuilding CXX object CMakeFiles/stereo.dir/src/stereo_dvs_calibration.cpp.o[0m
[ 23%] [32mBuilding CXX object CMakeFiles/camera_dvs.dir/src/camera_dvs_calibration.cpp.o[0m
[ 23%] [32mBuilding CXX object CMakeFiles/mono.dir/src/mono_node.cpp.o[0m
[ 28%] [32mBuilding CXX object CMakeFiles/mono.dir/src/mono_dvs_calibration.cpp.o[0m
[ 33%] [32mBuilding CXX object CMakeFiles/stereo.dir/src/dvs_calibration.cpp.o[0m
[ 38%] [32mBuilding CXX object CMakeFiles/camera_dvs.dir/src/dvs_calibration.cpp.o[0m
[ 42%] [32mBuilding CXX object CMakeFiles/stereo.dir/src/circlesgrid.cpp.o[0m
[ 47%] [32mBuilding CXX object CMakeFiles/stereo.dir/src/board_detection.cpp.o[0m
[ 52%] [32mBuilding CXX object CMakeFiles/camera_dvs.dir/src/circlesgrid.cpp.o[0m
[ 57%] [32mBuilding CXX object CMakeFiles/mono.dir/src/dvs_calibration.cpp.o[0m
[ 61%] [32mBuilding CXX object CMakeFiles/stereo.dir/src/transition_map.cpp.o[0m
[ 66%] [32mBuilding CXX object CMakeFiles/mono.dir/src/circlesgrid.cpp.o[0m
[ 71%] [32mBuilding CXX object CMakeFiles/mono.dir/src/board_detection.cpp.o[0m
[ 76%] [32mBuilding CXX object CMakeFiles/mono.dir/src/transition_map.cpp.o[0m
[ 80%] [32mBuilding CXX object CMakeFiles/camera_dvs.dir/src/board_detection.cpp.o[0m
[ 85%] [32mBuilding CXX object CMakeFiles/camera_dvs.dir/src/transition_map.cpp.o[0m
[ 90%] [32m[1mLinking CXX executable /home/dai/workspace/Dataset_Toolbox/devel/.private/dvs_calibration/lib/dvs_calibration/stereo[0m
[ 95%] [32m[1mLinking CXX executable /home/dai/workspace/Dataset_Toolbox/devel/.private/dvs_calibration/lib/dvs_calibration/camera_dvs[0m
[ 95%] Built target stereo
[100%] [32m[1mLinking CXX executable /home/dai/workspace/Dataset_Toolbox/devel/.private/dvs_calibration/lib/dvs_calibration/mono[0m
[100%] Built target camera_dvs
[100%] Built target mono
