[ 14%] [34m[1mGenerating dynamic reconfigure files from cfg/DVS_ROS_Driver.cfg: /home/dai/workspace/Dataset_Toolbox/devel/.private/dvs_ros_driver/include/dvs_ros_driver/DVS_ROS_DriverConfig.h /home/dai/workspace/Dataset_Toolbox/devel/.private/dvs_ros_driver/lib/python3/dist-packages/dvs_ros_driver/cfg/DVS_ROS_DriverConfig.py[0m
Generating reconfiguration files for DVS_ROS_Driver in dvs_ros_driver
Wrote header file in /home/dai/workspace/Dataset_Toolbox/devel/.private/dvs_ros_driver/include/dvs_ros_driver/DVS_ROS_DriverConfig.h
[ 14%] Built target dvs_ros_driver_gencfg
[ 14%] Built target dvs_msgs_generate_messages_lisp
[ 14%] Built target dvs_msgs_generate_messages_nodejs
[ 14%] Built target dvs_msgs_generate_messages_py
[ 14%] Built target dynamic_reconfigure_generate_messages_cpp
[ 14%] Built target dynamic_reconfigure_generate_messages_eus
[ 14%] Built target dynamic_reconfigure_generate_messages_lisp
[ 14%] Built target dynamic_reconfigure_generate_messages_nodejs
[ 14%] Built target dynamic_reconfigure_generate_messages_py
[ 14%] Built target dynamic_reconfigure_gencfg
[ 14%] Built target sensor_msgs_generate_messages_cpp
[ 14%] Built target sensor_msgs_generate_messages_eus
[ 14%] Built target sensor_msgs_generate_messages_lisp
[ 14%] Built target sensor_msgs_generate_messages_nodejs
[ 14%] Built target sensor_msgs_generate_messages_py
[ 14%] Built target geometry_msgs_generate_messages_cpp
[ 14%] Built target geometry_msgs_generate_messages_eus
[ 14%] Built target geometry_msgs_generate_messages_lisp
[ 14%] Built target geometry_msgs_generate_messages_nodejs
[ 14%] Built target geometry_msgs_generate_messages_py
[ 14%] Built target nodelet_generate_messages_cpp
[ 14%] Built target nodelet_generate_messages_eus
[ 14%] Built target nodelet_generate_messages_lisp
[ 14%] Built target nodelet_generate_messages_nodejs
[ 14%] Built target nodelet_generate_messages_py
[ 14%] Built target bond_generate_messages_cpp
[ 14%] Built target bond_generate_messages_eus
[ 14%] Built target bond_generate_messages_lisp
[ 14%] Built target bond_generate_messages_nodejs
[ 14%] Built target bond_generate_messages_py
[ 14%] Built target roscpp_generate_messages_cpp
[ 14%] Built target roscpp_generate_messages_eus
[ 14%] Built target rosgraph_msgs_generate_messages_lisp
[ 14%] Built target rosgraph_msgs_generate_messages_nodejs
[ 14%] Built target rosgraph_msgs_generate_messages_py
[ 14%] Built target std_msgs_generate_messages_cpp
[ 14%] Built target std_msgs_generate_messages_eus
[ 14%] Built target roscpp_generate_messages_lisp
[ 14%] Built target roscpp_generate_messages_nodejs
[ 14%] Built target roscpp_generate_messages_py
[ 14%] Built target rosgraph_msgs_generate_messages_cpp
[ 14%] Built target rosgraph_msgs_generate_messages_eus
[ 14%] Built target std_msgs_generate_messages_lisp
[ 14%] Built target std_msgs_generate_messages_nodejs
[ 14%] Built target std_msgs_generate_messages_py
[ 14%] Built target dvs_msgs_generate_messages_cpp
[ 14%] Built target dvs_msgs_generate_messages_eus
[ 28%] [32mBuilding CXX object CMakeFiles/dvs_ros_driver.dir/src/driver_node.cpp.o[0m
[ 42%] [32mBuilding CXX object CMakeFiles/dvs_ros_driver.dir/src/driver.cpp.o[0m
[ 57%] [32mBuilding CXX object CMakeFiles/dvs_ros_driver_nodelet.dir/src/driver_nodelet.cpp.o[0m
[ 71%] [32mBuilding CXX object CMakeFiles/dvs_ros_driver_nodelet.dir/src/driver.cpp.o[0m
[ 85%] [32m[1mLinking CXX executable /home/dai/workspace/Dataset_Toolbox/devel/.private/dvs_ros_driver/lib/dvs_ros_driver/dvs_ros_driver[0m
[ 85%] Built target dvs_ros_driver
[100%] [32m[1mLinking CXX shared library /home/dai/workspace/Dataset_Toolbox/devel/.private/dvs_ros_driver/lib/libdvs_ros_driver_nodelet.so[0m
[100%] Built target dvs_ros_driver_nodelet
