[ 14%] [34m[1mGenerating dynamic reconfigure files from cfg/DVXplorer_ROS_Driver.cfg: /home/dai/workspace/Dataset_Toolbox/devel/.private/dvxplorer_ros_driver/include/dvxplorer_ros_driver/DVXplorer_ROS_DriverConfig.h /home/dai/workspace/Dataset_Toolbox/devel/.private/dvxplorer_ros_driver/lib/python3/dist-packages/dvxplorer_ros_driver/cfg/DVXplorer_ROS_DriverConfig.py[0m
Generating reconfiguration files for DVXplorer_ROS_Driver in dvxplorer_ros_driver
Wrote header file in /home/dai/workspace/Dataset_Toolbox/devel/.private/dvxplorer_ros_driver/include/dvxplorer_ros_driver/DVXplorer_ROS_DriverConfig.h
[ 14%] Built target dvxplorer_ros_driver_gencfg
[ 14%] Built target dvs_msgs_generate_messages_py
[ 14%] Built target sensor_msgs_generate_messages_cpp
[ 14%] Built target sensor_msgs_generate_messages_eus
[ 14%] Built target sensor_msgs_generate_messages_lisp
[ 14%] Built target sensor_msgs_generate_messages_nodejs
[ 14%] Built target sensor_msgs_generate_messages_py
[ 14%] Built target geometry_msgs_generate_messages_cpp
[ 14%] Built target geometry_msgs_generate_messages_eus
[ 14%] Built target geometry_msgs_generate_messages_lisp
[ 14%] Built target geometry_msgs_generate_messages_nodejs
[ 14%] Built target geometry_msgs_generate_messages_py
[ 14%] Built target dynamic_reconfigure_generate_messages_cpp
[ 14%] Built target dynamic_reconfigure_generate_messages_eus
[ 14%] Built target dynamic_reconfigure_generate_messages_lisp
[ 14%] Built target dynamic_reconfigure_generate_messages_nodejs
[ 14%] Built target dynamic_reconfigure_generate_messages_py
[ 14%] Built target dynamic_reconfigure_gencfg
[ 14%] Built target nodelet_generate_messages_cpp
[ 14%] Built target nodelet_generate_messages_eus
[ 14%] Built target nodelet_generate_messages_lisp
[ 14%] Built target nodelet_generate_messages_nodejs
[ 14%] Built target nodelet_generate_messages_py
[ 14%] Built target bond_generate_messages_cpp
[ 14%] Built target bond_generate_messages_eus
[ 14%] Built target bond_generate_messages_lisp
[ 14%] Built target bond_generate_messages_nodejs
[ 14%] Built target bond_generate_messages_py
[ 14%] Built target roscpp_generate_messages_cpp
[ 14%] Built target roscpp_generate_messages_eus
[ 14%] Built target roscpp_generate_messages_lisp
[ 14%] Built target roscpp_generate_messages_nodejs
[ 14%] Built target roscpp_generate_messages_py
[ 14%] Built target rosgraph_msgs_generate_messages_cpp
[ 14%] Built target rosgraph_msgs_generate_messages_eus
[ 14%] Built target rosgraph_msgs_generate_messages_lisp
[ 14%] Built target rosgraph_msgs_generate_messages_nodejs
[ 14%] Built target rosgraph_msgs_generate_messages_py
[ 14%] Built target std_msgs_generate_messages_cpp
[ 14%] Built target std_msgs_generate_messages_eus
[ 14%] Built target std_msgs_generate_messages_lisp
[ 14%] Built target std_msgs_generate_messages_nodejs
[ 14%] Built target std_msgs_generate_messages_py
[ 14%] Built target dvs_msgs_generate_messages_cpp
[ 14%] Built target dvs_msgs_generate_messages_eus
[ 14%] Built target dvs_msgs_generate_messages_lisp
[ 14%] Built target dvs_msgs_generate_messages_nodejs
[ 28%] [32mBuilding CXX object CMakeFiles/dvxplorer_ros_driver.dir/src/driver_node.cpp.o[0m
[ 42%] [32mBuilding CXX object CMakeFiles/dvxplorer_ros_driver.dir/src/driver.cpp.o[0m
[ 57%] [32mBuilding CXX object CMakeFiles/dvxplorer_ros_driver_nodelet.dir/src/driver_nodelet.cpp.o[0m
[ 71%] [32mBuilding CXX object CMakeFiles/dvxplorer_ros_driver_nodelet.dir/src/driver.cpp.o[0m
[ 85%] [32m[1mLinking CXX executable /home/dai/workspace/Dataset_Toolbox/devel/.private/dvxplorer_ros_driver/lib/dvxplorer_ros_driver/dvxplorer_ros_driver[0m
[ 85%] Built target dvxplorer_ros_driver
[100%] [32m[1mLinking CXX shared library /home/dai/workspace/Dataset_Toolbox/devel/.private/dvxplorer_ros_driver/lib/libdvxplorer_ros_driver_nodelet.so[0m
[100%] Built target dvxplorer_ros_driver_nodelet
