[  0%] Built target dvs_msgs_generate_messages_cpp
[  0%] Built target dvs_msgs_generate_messages_eus
[  0%] Built target visualization_msgs_generate_messages_py
[  0%] Built target dvs_msgs_generate_messages_lisp
[  0%] Built target std_msgs_generate_messages_lisp
[  0%] Built target dvs_msgs_generate_messages_nodejs
[  0%] Built target std_msgs_generate_messages_cpp
[  0%] Built target dvs_msgs_generate_messages_py
[  0%] Built target std_msgs_generate_messages_eus
[  0%] Built target std_msgs_generate_messages_py
[  0%] Built target roscpp_generate_messages_eus
[  0%] Built target roscpp_generate_messages_cpp
[  0%] Built target std_msgs_generate_messages_nodejs
[  0%] Built target roscpp_generate_messages_lisp
[  0%] Built target roscpp_generate_messages_nodejs
[  0%] Built target roscpp_generate_messages_py
[  0%] Built target rosgraph_msgs_generate_messages_eus
[  0%] Built target rosgraph_msgs_generate_messages_cpp
[  0%] Built target rosgraph_msgs_generate_messages_lisp
[  0%] Built target rosgraph_msgs_generate_messages_nodejs
[  0%] Built target rosgraph_msgs_generate_messages_py
[  0%] Built target std_srvs_generate_messages_eus
[  0%] Built target std_srvs_generate_messages_cpp
[  0%] Built target std_srvs_generate_messages_lisp
[  0%] Built target std_srvs_generate_messages_nodejs
[  0%] Built target topic_tools_generate_messages_cpp
[  0%] Built target topic_tools_generate_messages_lisp
[  0%] Built target topic_tools_generate_messages_nodejs
[  0%] Built target std_srvs_generate_messages_py
[  0%] Built target topic_tools_generate_messages_eus
[  0%] Built target topic_tools_generate_messages_py
[  0%] Built target sensor_msgs_generate_messages_eus
[  0%] Built target sensor_msgs_generate_messages_cpp
[  0%] Built target sensor_msgs_generate_messages_lisp
[  0%] Built target sensor_msgs_generate_messages_nodejs
[  0%] Built target sensor_msgs_generate_messages_py
[  0%] Built target geometry_msgs_generate_messages_cpp
[  0%] Built target geometry_msgs_generate_messages_eus
[  0%] Built target geometry_msgs_generate_messages_lisp
[  0%] Built target geometry_msgs_generate_messages_py
[  0%] Built target geometry_msgs_generate_messages_nodejs
[  0%] Built target visualization_msgs_generate_messages_cpp
[  0%] Built target visualization_msgs_generate_messages_eus
[  0%] Built target visualization_msgs_generate_messages_lisp
[  0%] Built target visualization_msgs_generate_messages_nodejs
[ 16%] [32mBuilding CXX object CMakeFiles/IMU_Motion_Compensation.dir/src/IMU_Motion_Compensation.cpp.o[0m
[ 33%] [32mBuilding CXX object CMakeFiles/Motion_Compensation_Event.dir/src/Motion_Compensation_Event.cpp.o[0m
[ 50%] [32mBuilding CXX object CMakeFiles/Initial_Motion_Compensation.dir/src/Initial_Motion_Compensation.cpp.o[0m
[ 66%] [32m[1mLinking CXX executable /home/dai/workspace/Dataset_Toolbox/devel/.private/datasync/lib/datasync/Initial_Motion_Compensation[0m
[ 83%] [32m[1mLinking CXX executable /home/dai/workspace/Dataset_Toolbox/devel/.private/datasync/lib/datasync/IMU_Motion_Compensation[0m
[ 83%] Built target Initial_Motion_Compensation
[ 83%] Built target IMU_Motion_Compensation
[100%] [32m[1mLinking CXX executable /home/dai/workspace/Dataset_Toolbox/devel/.private/datasync/lib/datasync/Motion_Compensation_Event[0m
[100%] Built target Motion_Compensation_Event
